INFO  [08:41:00.930] [main] c.e.S.StudentApplicationDEBUG [08:41:00.935] [main] c.e.S.StudentApplicationINFO  [08:41:00.936] [main] c.e.S.StudentApplicationINFO  [08:41:02.092] [main] o.s.d.r.c.RepositoryConfigurationDelegateINFO  [08:41:02.209] [main] o.s.d.r.c.RepositoryConfigurationDelegateINFO  [08:41:03.313] [main] o.s.b.w.e.t.TomcatWebServerINFO  [08:41:03.326] [main] o.a.c.h.Http11NioProtocolINFO  [08:41:03.330] [main] o.a.c.c.StandardServiceINFO  [08:41:03.331] [main] o.a.c.c.StandardEngineINFO  [08:41:03.675] [main] o.a.c.c.C.[.[.[/]INFO  [08:41:03.675] [main] o.s.b.w.s.c.ServletWebServerApplicationContextINFO  [08:41:04.016] [main] o.h.j.i.u.LogHelperINFO  [08:41:04.101] [main] o.h.VersionINFO  [08:41:04.402] [main] o.h.a.c.VersionINFO  [08:41:04.585] [main] c.z.h.HikariDataSourceINFO  [08:41:05.447] [main] c.z.h.HikariDataSourceINFO  [08:41:05.477] [main] o.h.d.DialectINFO  [08:41:06.754] [main] o.h.e.t.j.p.i.JtaPlatformInitiatorINFO  [08:41:06.767] [main] o.s.o.j.LocalContainerEntityManagerFactoryBeanWARN  [08:41:07.478] [main] o.s.b.a.o.j.JpaBaseConfiguration$JpaWebConfigurationINFO  [08:41:08.019] [main] o.a.c.h.Http11NioProtocolINFO  [08:41:08.079] [main] o.s.b.w.e.t.TomcatWebServerINFO  [08:41:08.096] [main] c.e.S.StudentApplicationINFO  [08:41:13.537] [http-nio-9090-exec-2] o.a.c.c.C.[.[.[/]INFO  [08:41:13.537] [http-nio-9090-exec-2] o.s.w.s.DispatcherServletINFO  [08:41:13.540] [http-nio-9090-exec-2] o.s.w.s.DispatcherServletTRACE [08:41:13.780] [http-nio-9090-exec-2] c.e.S.c.StudentControllerINFO  [08:41:13.780] [http-nio-9090-exec-2] c.e.S.c.StudentControllerINFO  [08:41:13.788] [http-nio-9090-exec-2] c.e.S.s.StudentServiceINFO  [08:41:13.788] [http-nio-9090-exec-2] c.e.S.s.StudentServiceINFO  [08:41:14.071] [http-nio-9090-exec-2] c.e.S.s.StudentServiceINFO  [08:41:14.175] [http-nio-9090-exec-2] c.e.S.s.StudentService[2023-12-26T08:53:10.010Z] [org.springframework.boot.StartupInfoLogger] [main] [55] [INFO ] Starting StudentApplication using Java 17.0.1 on LP-5CD013FPX7 with PID 21128 (C:\Users\saiswetha.v\IdeaProjects\StudentApplication\build\classes\java\main started by saiswetha.v in C:\Users\saiswetha.v\IdeaProjects\StudentApplication)
[2023-12-26T08:53:10.010Z] [org.springframework.boot.StartupInfoLogger] [main] [56] [DEBUG] Running with Spring Boot v2.7.17, Spring v5.3.30
[2023-12-26T08:53:10.010Z] [org.springframework.boot.SpringApplication] [main] [632] [INFO ] No active profile set, falling back to 1 default profile: "default"
[2023-12-26T08:53:11.011Z] [org.springframework.data.repository.config.RepositoryConfigurationDelegate] [main] [132] [INFO ] Bootstrapping Spring Data JPA repositories in DEFAULT mode.
[2023-12-26T08:53:11.011Z] [org.springframework.data.repository.config.RepositoryConfigurationDelegate] [main] [201] [INFO ] Finished Spring Data repository scanning in 97 ms. Found 1 JPA repository interfaces.
[2023-12-26T08:53:12.012Z] [org.springframework.boot.web.embedded.tomcat.TomcatWebServer] [main] [108] [INFO ] Tomcat initialized with port(s): 9090 (http)
[2023-12-26T08:53:12.012Z] [org.apache.juli.logging.DirectJDKLog] [main] [173] [INFO ] Initializing ProtocolHandler ["http-nio-9090"]
[2023-12-26T08:53:12.012Z] [org.apache.juli.logging.DirectJDKLog] [main] [173] [INFO ] Starting service [Tomcat]
[2023-12-26T08:53:12.012Z] [org.apache.juli.logging.DirectJDKLog] [main] [173] [INFO ] Starting Servlet engine: [Apache Tomcat/9.0.82]
[2023-12-26T08:53:12.012Z] [org.apache.juli.logging.DirectJDKLog] [main] [173] [INFO ] Initializing Spring embedded WebApplicationContext
[2023-12-26T08:53:12.012Z] [org.springframework.boot.web.servlet.context.ServletWebServerApplicationContext] [main] [292] [INFO ] Root WebApplicationContext: initialization completed in 2672 ms
[2023-12-26T08:53:13.013Z] [org.hibernate.jpa.internal.util.LogHelper] [main] [31] [INFO ] HHH000204: Processing PersistenceUnitInfo [name: default]
[2023-12-26T08:53:13.013Z] [org.hibernate.Version] [main] [44] [INFO ] HHH000412: Hibernate ORM core version 5.6.15.Final
[2023-12-26T08:53:13.013Z] [org.hibernate.annotations.common.reflection.java.JavaReflectionManager] [main] [56] [INFO ] HCANN000001: Hibernate Commons Annotations {5.1.2.Final}
[2023-12-26T08:53:13.013Z] [com.zaxxer.hikari.HikariDataSource] [main] [110] [INFO ] HikariPool-1 - Starting...
[2023-12-26T08:53:14.014Z] [com.zaxxer.hikari.HikariDataSource] [main] [123] [INFO ] HikariPool-1 - Start completed.
[2023-12-26T08:53:14.014Z] [org.hibernate.dialect.Dialect] [main] [175] [INFO ] HHH000400: Using dialect: org.hibernate.dialect.MySQL5Dialect
[2023-12-26T08:53:15.015Z] [org.hibernate.engine.transaction.jta.platform.internal.JtaPlatformInitiator] [main] [52] [INFO ] HHH000490: Using JtaPlatform implementation: [org.hibernate.engine.transaction.jta.platform.internal.NoJtaPlatform]
[2023-12-26T08:53:15.015Z] [org.springframework.orm.jpa.AbstractEntityManagerFactoryBean] [main] [437] [INFO ] Initialized JPA EntityManagerFactory for persistence unit 'default'
[2023-12-26T08:53:16.016Z] [org.springframework.boot.autoconfigure.orm.jpa.JpaBaseConfiguration$JpaWebConfiguration] [main] [223] [WARN ] spring.jpa.open-in-view is enabled by default. Therefore, database queries may be performed during view rendering. Explicitly configure spring.jpa.open-in-view to disable this warning
[2023-12-26T08:53:16.016Z] [org.apache.juli.logging.DirectJDKLog] [main] [173] [INFO ] Starting ProtocolHandler ["http-nio-9090"]
[2023-12-26T08:53:16.016Z] [org.springframework.boot.web.embedded.tomcat.TomcatWebServer] [main] [220] [INFO ] Tomcat started on port(s): 9090 (http) with context path ''
[2023-12-26T08:53:16.016Z] [org.springframework.boot.StartupInfoLogger] [main] [61] [INFO ] Started StudentApplication in 7.456 seconds (JVM running for 9.482)
[2023-12-26T08:53:20.020Z] [org.apache.juli.logging.DirectJDKLog] [http-nio-9090-exec-2] [173] [INFO ] Initializing Spring DispatcherServlet 'dispatcherServlet'
[2023-12-26T08:53:20.020Z] [org.springframework.web.servlet.FrameworkServlet] [http-nio-9090-exec-2] [525] [INFO ] Initializing Servlet 'dispatcherServlet'
[2023-12-26T08:53:20.020Z] [org.springframework.web.servlet.FrameworkServlet] [http-nio-9090-exec-2] [547] [INFO ] Completed initialization in 1 ms
[2023-12-26T08:53:20.020Z] [com.example.StudentApplication.controller.StudentController] [http-nio-9090-exec-2] [46] [TRACE] Received POST request at / endpoint to add student: {} at trace level
[2023-12-26T08:53:20.020Z] [com.example.StudentApplication.controller.StudentController] [http-nio-9090-exec-2] [47] [INFO ] Received POST request at / endpoint to add student: Student(id=0, name=u, dept=it) at info level
[2023-12-26T08:53:20.020Z] [com.example.StudentApplication.service.ServiceHelper] [http-nio-9090-exec-2] [63] [INFO ] Adding student: Student(id=0, name=u, dept=it)
[2023-12-26T08:53:20.020Z] [com.example.StudentApplication.service.StudentService] [http-nio-9090-exec-2] [31] [INFO ] Fetching student details with name from the databaseu
[2023-12-26T08:53:20.020Z] [com.example.StudentApplication.service.StudentService] [http-nio-9090-exec-2] [36] [INFO ] Adding student: Student(id=0, name=u, dept=it)
[2023-12-26T08:53:21.021Z] [com.example.StudentApplication.service.ServiceHelper] [http-nio-9090-exec-2] [70] [INFO ] Student added successfully: {}Student(id=1, name=u, dept=it)
[2023-12-26T08:58:12.012Z] [com.example.StudentApplication.controller.StudentController] [http-nio-9090-exec-5] [46] [TRACE] Received POST request at / endpoint to add student: {} at trace level
[2023-12-26T08:58:12.012Z] [com.example.StudentApplication.controller.StudentController] [http-nio-9090-exec-5] [47] [INFO ] Received POST request at / endpoint to add student: Student(id=0, name=u, dept=it) at info level
[2023-12-26T08:58:12.012Z] [com.example.StudentApplication.service.ServiceHelper] [http-nio-9090-exec-5] [63] [INFO ] Adding student: Student(id=0, name=u, dept=it)
[2023-12-26T08:58:12.012Z] [com.example.StudentApplication.service.StudentService] [http-nio-9090-exec-5] [31] [INFO ] Fetching student details with name from the databaseu
[2023-12-26T08:58:12.012Z] [com.example.StudentApplication.exception.GlobalExceptionHandler] [http-nio-9090-exec-5] [52] [ERROR] StudentAlreadyExistsException is handled
[2023-12-26T08:58:43.043Z] [org.springframework.boot.StartupInfoLogger] [main] [55] [INFO ] Starting StudentApplication using Java 17.0.1 on LP-5CD013FPX7 with PID 7880 (C:\Users\saiswetha.v\IdeaProjects\StudentApplication\build\classes\java\main started by saiswetha.v in C:\Users\saiswetha.v\IdeaProjects\StudentApplication)
[2023-12-26T08:58:43.043Z] [org.springframework.boot.StartupInfoLogger] [main] [56] [DEBUG] Running with Spring Boot v2.7.17, Spring v5.3.30
[2023-12-26T08:58:43.043Z] [org.springframework.boot.SpringApplication] [main] [632] [INFO ] No active profile set, falling back to 1 default profile: "default"
[2023-12-26T08:58:44.044Z] [org.springframework.data.repository.config.RepositoryConfigurationDelegate] [main] [132] [INFO ] Bootstrapping Spring Data JPA repositories in DEFAULT mode.
[2023-12-26T08:58:44.044Z] [org.springframework.data.repository.config.RepositoryConfigurationDelegate] [main] [201] [INFO ] Finished Spring Data repository scanning in 93 ms. Found 1 JPA repository interfaces.
[2023-12-26T08:58:45.045Z] [org.springframework.boot.web.embedded.tomcat.TomcatWebServer] [main] [108] [INFO ] Tomcat initialized with port(s): 9090 (http)
[2023-12-26T08:58:45.045Z] [org.apache.juli.logging.DirectJDKLog] [main] [173] [INFO ] Initializing ProtocolHandler ["http-nio-9090"]
[2023-12-26T08:58:45.045Z] [org.apache.juli.logging.DirectJDKLog] [main] [173] [INFO ] Starting service [Tomcat]
[2023-12-26T08:58:45.045Z] [org.apache.juli.logging.DirectJDKLog] [main] [173] [INFO ] Starting Servlet engine: [Apache Tomcat/9.0.82]
[2023-12-26T08:58:46.046Z] [org.apache.juli.logging.DirectJDKLog] [main] [173] [INFO ] Initializing Spring embedded WebApplicationContext
[2023-12-26T08:58:46.046Z] [org.springframework.boot.web.servlet.context.ServletWebServerApplicationContext] [main] [292] [INFO ] Root WebApplicationContext: initialization completed in 2706 ms
[2023-12-26T08:58:46.046Z] [org.hibernate.jpa.internal.util.LogHelper] [main] [31] [INFO ] HHH000204: Processing PersistenceUnitInfo [name: default]
[2023-12-26T08:58:46.046Z] [org.hibernate.Version] [main] [44] [INFO ] HHH000412: Hibernate ORM core version 5.6.15.Final
[2023-12-26T08:58:46.046Z] [org.hibernate.annotations.common.reflection.java.JavaReflectionManager] [main] [56] [INFO ] HCANN000001: Hibernate Commons Annotations {5.1.2.Final}
[2023-12-26T08:58:47.047Z] [com.zaxxer.hikari.HikariDataSource] [main] [110] [INFO ] HikariPool-1 - Starting...
[2023-12-26T08:58:47.047Z] [com.zaxxer.hikari.HikariDataSource] [main] [123] [INFO ] HikariPool-1 - Start completed.
[2023-12-26T08:58:47.047Z] [org.hibernate.dialect.Dialect] [main] [175] [INFO ] HHH000400: Using dialect: org.hibernate.dialect.MySQL5Dialect
[2023-12-26T08:58:48.048Z] [org.hibernate.engine.transaction.jta.platform.internal.JtaPlatformInitiator] [main] [52] [INFO ] HHH000490: Using JtaPlatform implementation: [org.hibernate.engine.transaction.jta.platform.internal.NoJtaPlatform]
[2023-12-26T08:58:48.048Z] [org.springframework.orm.jpa.AbstractEntityManagerFactoryBean] [main] [437] [INFO ] Initialized JPA EntityManagerFactory for persistence unit 'default'
[2023-12-26T08:58:49.049Z] [org.springframework.boot.autoconfigure.orm.jpa.JpaBaseConfiguration$JpaWebConfiguration] [main] [223] [WARN ] spring.jpa.open-in-view is enabled by default. Therefore, database queries may be performed during view rendering. Explicitly configure spring.jpa.open-in-view to disable this warning
[2023-12-26T08:58:49.049Z] [org.apache.juli.logging.DirectJDKLog] [main] [173] [INFO ] Starting ProtocolHandler ["http-nio-9090"]
[2023-12-26T08:58:50.050Z] [org.springframework.boot.web.embedded.tomcat.TomcatWebServer] [main] [220] [INFO ] Tomcat started on port(s): 9090 (http) with context path ''
[2023-12-26T08:58:50.050Z] [org.springframework.boot.StartupInfoLogger] [main] [61] [INFO ] Started StudentApplication in 7.518 seconds (JVM running for 9.456)
[2023-12-26T08:58:55.055Z] [org.apache.juli.logging.DirectJDKLog] [http-nio-9090-exec-2] [173] [INFO ] Initializing Spring DispatcherServlet 'dispatcherServlet'
[2023-12-26T08:58:55.055Z] [org.springframework.web.servlet.FrameworkServlet] [http-nio-9090-exec-2] [525] [INFO ] Initializing Servlet 'dispatcherServlet'
[2023-12-26T08:58:55.055Z] [org.springframework.web.servlet.FrameworkServlet] [http-nio-9090-exec-2] [547] [INFO ] Completed initialization in 1 ms
[2023-12-26T08:58:56.056Z] [com.example.StudentApplication.controller.StudentController] [http-nio-9090-exec-2] [46] [TRACE] Received POST request at / endpoint to add student: {} at trace level
[2023-12-26T08:58:56.056Z] [com.example.StudentApplication.controller.StudentController] [http-nio-9090-exec-2] [47] [INFO ] Received POST request at / endpoint to add student: Student(id=0, name=u, dept=it) at info level
[2023-12-26T08:58:56.056Z] [com.example.StudentApplication.service.ServiceHelper] [http-nio-9090-exec-2] [63] [INFO ] Adding student: Student(id=0, name=u, dept=it)
[2023-12-26T08:58:56.056Z] [com.example.StudentApplication.service.StudentService] [http-nio-9090-exec-2] [31] [INFO ] Fetching student details with name from the databaseu
[2023-12-26T08:58:56.056Z] [com.example.StudentApplication.service.StudentService] [http-nio-9090-exec-2] [36] [INFO ] Adding student: Student(id=0, name=u, dept=it)
[2023-12-26T08:58:56.056Z] [com.example.StudentApplication.service.ServiceHelper] [http-nio-9090-exec-2] [70] [INFO ] Student added successfully: {}Student(id=1, name=u, dept=it)
