07:38:55.936 [HikariPool-1 housekeeper] WARN  com.zaxxer.hikari.pool.HikariPool - Method:  - HikariPool-1 - Thread starvation or clock leap detected (housekeeper delta=19h35m58s287ms609탎900ns).
11:19:54.499 [HikariPool-1 housekeeper] WARN  com.zaxxer.hikari.pool.HikariPool - Method:  - HikariPool-1 - Thread starvation or clock leap detected (housekeeper delta=1h57m55s641ms301탎).
11:38:10.385 [Test worker] INFO  o.s.b.t.c.SpringBootTestContextBootstrapper - Method:  - Neither @ContextConfiguration nor @ContextHierarchy found for test class [com.example.StudentApplication.StudentApplicationTests], using SpringBootContextLoader
11:38:10.398 [Test worker] INFO  o.s.t.c.s.AbstractContextLoader - Method:  - Could not detect default resource locations for test class [com.example.StudentApplication.StudentApplicationTests]: no resource found for suffixes {-context.xml, Context.groovy}.
11:38:10.400 [Test worker] INFO  o.s.t.c.s.AnnotationConfigContextLoaderUtils - Method:  - Could not detect default configuration classes for test class [com.example.StudentApplication.StudentApplicationTests]: StudentApplicationTests does not declare any static, non-private, non-final, nested classes annotated with @Configuration.
11:38:10.648 [Test worker] INFO  o.s.b.t.c.SpringBootTestContextBootstrapper - Method:  - Found @SpringBootConfiguration com.example.StudentApplication.StudentApplication for test class com.example.StudentApplication.StudentApplicationTests
11:38:10.838 [Test worker] INFO  o.s.b.t.c.SpringBootTestContextBootstrapper - Method:  - Loaded default TestExecutionListener class names from location [META-INF/spring.factories]: [org.springframework.boot.test.autoconfigure.restdocs.RestDocsTestExecutionListener, org.springframework.boot.test.autoconfigure.web.client.MockRestServiceServerResetTestExecutionListener, org.springframework.boot.test.autoconfigure.web.servlet.MockMvcPrintOnlyOnFailureTestExecutionListener, org.springframework.boot.test.autoconfigure.web.servlet.WebDriverTestExecutionListener, org.springframework.boot.test.autoconfigure.webservices.client.MockWebServiceServerTestExecutionListener, org.springframework.boot.test.mock.mockito.MockitoTestExecutionListener, org.springframework.boot.test.mock.mockito.ResetMocksTestExecutionListener, org.springframework.test.context.web.ServletTestExecutionListener, org.springframework.test.context.support.DirtiesContextBeforeModesTestExecutionListener, org.springframework.test.context.event.ApplicationEventsTestExecutionListener, org.springframework.test.context.support.DependencyInjectionTestExecutionListener, org.springframework.test.context.support.DirtiesContextTestExecutionListener, org.springframework.test.context.transaction.TransactionalTestExecutionListener, org.springframework.test.context.jdbc.SqlScriptsTestExecutionListener, org.springframework.test.context.event.EventPublishingTestExecutionListener]
11:38:10.870 [Test worker] INFO  o.s.b.t.c.SpringBootTestContextBootstrapper - Method:  - Using TestExecutionListeners: [org.springframework.test.context.web.ServletTestExecutionListener@18e8473e, org.springframework.test.context.support.DirtiesContextBeforeModesTestExecutionListener@5a2f016d, org.springframework.test.context.event.ApplicationEventsTestExecutionListener@1a38ba58, org.springframework.boot.test.mock.mockito.MockitoTestExecutionListener@3ad394e6, org.springframework.boot.test.autoconfigure.SpringBootDependencyInjectionTestExecutionListener@6058e535, org.springframework.test.context.support.DirtiesContextTestExecutionListener@42deb43a, org.springframework.test.context.transaction.TransactionalTestExecutionListener@1deb2c43, org.springframework.test.context.jdbc.SqlScriptsTestExecutionListener@3bb9efbc, org.springframework.test.context.event.EventPublishingTestExecutionListener@1cefc4b3, org.springframework.boot.test.autoconfigure.restdocs.RestDocsTestExecutionListener@2b27cc70, org.springframework.boot.test.autoconfigure.web.client.MockRestServiceServerResetTestExecutionListener@6f6a7463, org.springframework.boot.test.autoconfigure.web.servlet.MockMvcPrintOnlyOnFailureTestExecutionListener@1bdaa23d, org.springframework.boot.test.autoconfigure.web.servlet.WebDriverTestExecutionListener@79f227a9, org.springframework.boot.test.autoconfigure.webservices.client.MockWebServiceServerTestExecutionListener@6ca320ab, org.springframework.boot.test.mock.mockito.ResetMocksTestExecutionListener@50d68830]
11:38:11.510 [Test worker] INFO  c.e.S.StudentApplicationTests - Method:  - Starting StudentApplicationTests using Java 17.0.1 on LP-5CD013FPX7 with PID 15908 (started by saiswetha.v in C:\Users\saiswetha.v\IdeaProjects\StudentApplication)
11:38:11.512 [Test worker] INFO  c.e.S.StudentApplicationTests - Method:  - No active profile set, falling back to 1 default profile: "default"
11:38:13.099 [Test worker] INFO  o.s.d.r.c.RepositoryConfigurationDelegate - Method:  - Bootstrapping Spring Data JPA repositories in DEFAULT mode.
11:38:13.211 [Test worker] INFO  o.s.d.r.c.RepositoryConfigurationDelegate - Method:  - Finished Spring Data repository scanning in 95 ms. Found 1 JPA repository interfaces.
11:38:14.375 [Test worker] INFO  o.h.jpa.internal.util.LogHelper - Method:  - HHH000204: Processing PersistenceUnitInfo [name: default]
11:38:14.472 [Test worker] INFO  org.hibernate.Version - Method:  - HHH000412: Hibernate ORM core version 5.6.15.Final
11:38:14.796 [Test worker] INFO  o.h.annotations.common.Version - Method:  - HCANN000001: Hibernate Commons Annotations {5.1.2.Final}
11:38:15.007 [Test worker] INFO  com.zaxxer.hikari.HikariDataSource - Method:  - HikariPool-1 - Starting...
11:38:15.973 [Test worker] INFO  com.zaxxer.hikari.HikariDataSource - Method:  - HikariPool-1 - Start completed.
11:38:16.008 [Test worker] INFO  org.hibernate.dialect.Dialect - Method:  - HHH000400: Using dialect: org.hibernate.dialect.MySQL5Dialect
11:38:17.299 [Test worker] INFO  o.h.e.t.j.p.i.JtaPlatformInitiator - Method:  - HHH000490: Using JtaPlatform implementation: [org.hibernate.engine.transaction.jta.platform.internal.NoJtaPlatform]
11:38:17.315 [Test worker] INFO  o.s.o.j.LocalContainerEntityManagerFactoryBean - Method:  - Initialized JPA EntityManagerFactory for persistence unit 'default'
11:38:18.483 [Test worker] WARN  o.s.b.a.o.j.JpaBaseConfiguration$JpaWebConfiguration - Method:  - spring.jpa.open-in-view is enabled by default. Therefore, database queries may be performed during view rendering. Explicitly configure spring.jpa.open-in-view to disable this warning
11:38:18.977 [Test worker] INFO  s.d.s.w.PropertySourcedRequestMappingHandlerMapping - Method:  - Mapped URL path [/v2/api-docs] onto method [springfox.documentation.swagger2.web.Swagger2Controller#getDocumentation(String, HttpServletRequest)]
11:38:20.037 [Test worker] INFO  s.d.s.w.p.DocumentationPluginsBootstrapper - Method:  - Context refreshed
11:38:20.077 [Test worker] INFO  s.d.s.w.p.DocumentationPluginsBootstrapper - Method:  - Found 1 custom documentation plugin(s)
11:38:20.131 [Test worker] INFO  s.d.s.w.s.ApiListingReferenceScanner - Method:  - Scanning for api listing references
11:38:20.392 [Test worker] INFO  c.e.S.StudentApplicationTests - Method:  - Started StudentApplicationTests in 9.462 seconds (JVM running for 15.502)
11:38:20.747 [SpringApplicationShutdownHook] INFO  o.s.o.j.LocalContainerEntityManagerFactoryBean - Method:  - Closing JPA EntityManagerFactory for persistence unit 'default'
11:38:20.747 [SpringApplicationShutdownHook] INFO  o.h.t.s.i.SchemaDropperImpl$DelayedDropActionImpl - Method:  - HHH000477: Starting delayed evictData of schema as part of SessionFactory shut-down'
11:38:20.782 [SpringApplicationShutdownHook] INFO  com.zaxxer.hikari.HikariDataSource - Method:  - HikariPool-1 - Shutdown initiated...
11:38:20.812 [SpringApplicationShutdownHook] INFO  com.zaxxer.hikari.HikariDataSource - Method:  - HikariPool-1 - Shutdown completed.
11:43:25.363 [main] INFO  c.e.S.StudentApplication - Method:  - Starting StudentApplication using Java 17.0.1 on LP-5CD013FPX7 with PID 21356 (C:\Users\saiswetha.v\IdeaProjects\StudentApplication\build\classes\java\main started by saiswetha.v in C:\Users\saiswetha.v\IdeaProjects\StudentApplication)
11:43:25.369 [main] INFO  c.e.S.StudentApplication - Method:  - No active profile set, falling back to 1 default profile: "default"
11:43:27.114 [main] INFO  o.s.d.r.c.RepositoryConfigurationDelegate - Method:  - Bootstrapping Spring Data JPA repositories in DEFAULT mode.
11:43:27.245 [main] INFO  o.s.d.r.c.RepositoryConfigurationDelegate - Method:  - Finished Spring Data repository scanning in 112 ms. Found 1 JPA repository interfaces.
11:43:28.551 [main] INFO  o.s.b.w.e.tomcat.TomcatWebServer - Method:  - Tomcat initialized with port(s): 9091 (http)
11:43:28.571 [main] INFO  o.a.coyote.http11.Http11NioProtocol - Method:  - Initializing ProtocolHandler ["http-nio-9091"]
11:43:28.575 [main] INFO  o.a.catalina.core.StandardService - Method:  - Starting service [Tomcat]
11:43:28.576 [main] INFO  o.a.catalina.core.StandardEngine - Method:  - Starting Servlet engine: [Apache Tomcat/9.0.82]
11:43:28.993 [main] INFO  o.a.c.c.C.[Tomcat].[localhost].[/] - Method:  - Initializing Spring embedded WebApplicationContext
11:43:28.994 [main] INFO  o.s.b.w.s.c.ServletWebServerApplicationContext - Method:  - Root WebApplicationContext: initialization completed in 3475 ms
11:43:29.352 [main] INFO  o.h.jpa.internal.util.LogHelper - Method:  - HHH000204: Processing PersistenceUnitInfo [name: default]
11:43:29.441 [main] INFO  org.hibernate.Version - Method:  - HHH000412: Hibernate ORM core version 5.6.15.Final
11:43:29.744 [main] INFO  o.h.annotations.common.Version - Method:  - HCANN000001: Hibernate Commons Annotations {5.1.2.Final}
11:43:29.915 [main] INFO  com.zaxxer.hikari.HikariDataSource - Method:  - HikariPool-1 - Starting...
11:43:30.494 [main] INFO  com.zaxxer.hikari.HikariDataSource - Method:  - HikariPool-1 - Start completed.
11:43:30.522 [main] INFO  org.hibernate.dialect.Dialect - Method:  - HHH000400: Using dialect: org.hibernate.dialect.MySQL5Dialect
11:43:31.682 [main] INFO  o.h.e.t.j.p.i.JtaPlatformInitiator - Method:  - HHH000490: Using JtaPlatform implementation: [org.hibernate.engine.transaction.jta.platform.internal.NoJtaPlatform]
11:43:31.700 [main] INFO  o.s.o.j.LocalContainerEntityManagerFactoryBean - Method:  - Initialized JPA EntityManagerFactory for persistence unit 'default'
11:43:32.641 [main] WARN  o.s.b.a.o.j.JpaBaseConfiguration$JpaWebConfiguration - Method:  - spring.jpa.open-in-view is enabled by default. Therefore, database queries may be performed during view rendering. Explicitly configure spring.jpa.open-in-view to disable this warning
11:43:32.876 [main] INFO  s.d.s.w.PropertySourcedRequestMappingHandlerMapping - Method:  - Mapped URL path [/v2/api-docs] onto method [springfox.documentation.swagger2.web.Swagger2Controller#getDocumentation(String, HttpServletRequest)]
11:43:33.329 [main] INFO  o.a.coyote.http11.Http11NioProtocol - Method:  - Starting ProtocolHandler ["http-nio-9091"]
11:43:33.385 [main] INFO  o.s.b.w.e.tomcat.TomcatWebServer - Method:  - Tomcat started on port(s): 9091 (http) with context path ''
11:43:33.387 [main] INFO  s.d.s.w.p.DocumentationPluginsBootstrapper - Method:  - Context refreshed
11:43:33.419 [main] INFO  s.d.s.w.p.DocumentationPluginsBootstrapper - Method:  - Found 1 custom documentation plugin(s)
11:43:33.464 [main] INFO  s.d.s.w.s.ApiListingReferenceScanner - Method:  - Scanning for api listing references
11:43:33.717 [main] INFO  c.e.S.StudentApplication - Method:  - Started StudentApplication in 9.264 seconds (JVM running for 13.519)
12:21:00.167 [HikariPool-1 housekeeper] WARN  com.zaxxer.hikari.pool.HikariPool - Method:  - HikariPool-1 - Thread starvation or clock leap detected (housekeeper delta=1m44s93ms214탎).
12:21:05.818 [HikariPool-1 housekeeper] WARN  com.zaxxer.hikari.pool.HikariPool - Method:  - HikariPool-1 - Thread starvation or clock leap detected (housekeeper delta=1m44s55ms729탎900ns).
16:18:25.988 [HikariPool-1 housekeeper] WARN  com.zaxxer.hikari.pool.HikariPool - Method:  - HikariPool-1 - Thread starvation or clock leap detected (housekeeper delta=3h24s876ms491탎100ns).
08:14:08.169 [HikariPool-1 housekeeper] WARN  com.zaxxer.hikari.pool.HikariPool - Method:  - HikariPool-1 - Thread starvation or clock leap detected (housekeeper delta=18h56m11s99ms545탎900ns).
08:14:26.338 [HikariPool-1 housekeeper] WARN  com.zaxxer.hikari.pool.HikariPool - Method:  - HikariPool-1 - Thread starvation or clock leap detected (housekeeper delta=15h56m10s77ms798탎).
23:52:35.353 [HikariPool-1 housekeeper] WARN  com.zaxxer.hikari.pool.HikariPool - Method:  - HikariPool-1 - Thread starvation or clock leap detected (housekeeper delta=3h26s77ms160탎).
08:02:36.048 [HikariPool-1 housekeeper] WARN  com.zaxxer.hikari.pool.HikariPool - Method:  - HikariPool-1 - Thread starvation or clock leap detected (housekeeper delta=3h26s83ms313탎600ns).
08:02:48.182 [HikariPool-1 housekeeper] WARN  com.zaxxer.hikari.pool.HikariPool - Method:  - HikariPool-1 - Thread starvation or clock leap detected (housekeeper delta=8h10m23s311ms395탎200ns).
08:03:07.890 [HikariPool-1 housekeeper] WARN  com.zaxxer.hikari.pool.HikariPool - Method:  - HikariPool-1 - Thread starvation or clock leap detected (housekeeper delta=8h10m27s826ms660탎700ns).
11:40:20.239 [HikariPool-1 housekeeper] WARN  com.zaxxer.hikari.pool.HikariPool - Method:  - HikariPool-1 - Thread starvation or clock leap detected (housekeeper delta=2h16m10s338ms352탎600ns).
11:40:31.047 [HikariPool-1 housekeeper] WARN  com.zaxxer.hikari.pool.HikariPool - Method:  - HikariPool-1 - Thread starvation or clock leap detected (housekeeper delta=2h16m10s337ms504탎100ns).
12:41:13.934 [HikariPool-1 housekeeper] WARN  com.zaxxer.hikari.pool.HikariPool - Method:  - HikariPool-1 - Thread starvation or clock leap detected (housekeeper delta=4m21s715ms308탎800ns).
12:41:24.841 [HikariPool-1 housekeeper] WARN  com.zaxxer.hikari.pool.HikariPool - Method:  - HikariPool-1 - Thread starvation or clock leap detected (housekeeper delta=4m21s725ms16탎400ns).
16:38:50.534 [HikariPool-1 housekeeper] WARN  com.zaxxer.hikari.pool.HikariPool - Method:  - HikariPool-1 - Thread starvation or clock leap detected (housekeeper delta=1h14m34s85ms355탎).
16:39:01.586 [HikariPool-1 housekeeper] WARN  com.zaxxer.hikari.pool.HikariPool - Method:  - HikariPool-1 - Thread starvation or clock leap detected (housekeeper delta=1h14m34s86ms93탎500ns).
18:29:19.907 [HikariPool-1 housekeeper] WARN  com.zaxxer.hikari.pool.HikariPool - Method:  - HikariPool-1 - Thread starvation or clock leap detected (housekeeper delta=26m28s128ms457탎600ns).
18:29:30.830 [HikariPool-1 housekeeper] WARN  com.zaxxer.hikari.pool.HikariPool - Method:  - HikariPool-1 - Thread starvation or clock leap detected (housekeeper delta=26m28s163ms459탎700ns).
22:06:51.563 [HikariPool-1 housekeeper] WARN  com.zaxxer.hikari.pool.HikariPool - Method:  - HikariPool-1 - Thread starvation or clock leap detected (housekeeper delta=3h30s388ms971탎).
09:43:25.263 [HikariPool-1 housekeeper] WARN  com.zaxxer.hikari.pool.HikariPool - Method:  - HikariPool-1 - Thread starvation or clock leap detected (housekeeper delta=14h37m3s395ms931탎400ns).
09:43:44.299 [HikariPool-1 housekeeper] WARN  com.zaxxer.hikari.pool.HikariPool - Method:  - HikariPool-1 - Thread starvation or clock leap detected (housekeeper delta=11h37m3s62ms628탎100ns).
10:29:25.530 [HikariPool-1 housekeeper] WARN  com.zaxxer.hikari.pool.HikariPool - Method:  - HikariPool-1 - Thread starvation or clock leap detected (housekeeper delta=28m29s329ms614탎700ns).
10:29:44.376 [HikariPool-1 housekeeper] WARN  com.zaxxer.hikari.pool.HikariPool - Method:  - HikariPool-1 - Thread starvation or clock leap detected (housekeeper delta=28m29s327ms630탎800ns).
