20:31:04.547 [main] INFO  c.e.S.StudentApplication - Method:  - Starting StudentApplication using Java 17.0.1 on LP-5CD013FPX7 with PID 10948 (C:\Users\saiswetha.v\IdeaProjects\StudentApplication\build\classes\java\main started by saiswetha.v in C:\Users\saiswetha.v\IdeaProjects\StudentApplication)
20:31:04.563 [main] INFO  c.e.S.StudentApplication - Method:  - No active profile set, falling back to 1 default profile: "default"
20:31:05.884 [main] INFO  o.s.d.r.c.RepositoryConfigurationDelegate - Method:  - Bootstrapping Spring Data JPA repositories in DEFAULT mode.
20:31:05.976 [main] INFO  o.s.d.r.c.RepositoryConfigurationDelegate - Method:  - Finished Spring Data repository scanning in 75 ms. Found 1 JPA repository interfaces.
20:31:06.975 [main] INFO  o.s.b.w.e.tomcat.TomcatWebServer - Method:  - Tomcat initialized with port(s): 9091 (http)
20:31:06.987 [main] INFO  o.a.coyote.http11.Http11NioProtocol - Method:  - Initializing ProtocolHandler ["http-nio-9091"]
20:31:06.990 [main] INFO  o.a.catalina.core.StandardService - Method:  - Starting service [Tomcat]
20:31:06.991 [main] INFO  o.a.catalina.core.StandardEngine - Method:  - Starting Servlet engine: [Apache Tomcat/9.0.82]
20:31:07.313 [main] INFO  o.a.c.c.C.[Tomcat].[localhost].[/] - Method:  - Initializing Spring embedded WebApplicationContext
20:31:07.313 [main] INFO  o.s.b.w.s.c.ServletWebServerApplicationContext - Method:  - Root WebApplicationContext: initialization completed in 2673 ms
20:31:07.618 [main] INFO  o.h.jpa.internal.util.LogHelper - Method:  - HHH000204: Processing PersistenceUnitInfo [name: default]
20:31:07.716 [main] INFO  org.hibernate.Version - Method:  - HHH000412: Hibernate ORM core version 5.6.15.Final
20:31:08.015 [main] INFO  o.h.annotations.common.Version - Method:  - HCANN000001: Hibernate Commons Annotations {5.1.2.Final}
20:31:08.222 [main] INFO  com.zaxxer.hikari.HikariDataSource - Method:  - HikariPool-1 - Starting...
20:31:09.158 [main] INFO  com.zaxxer.hikari.HikariDataSource - Method:  - HikariPool-1 - Start completed.
20:31:09.187 [main] INFO  org.hibernate.dialect.Dialect - Method:  - HHH000400: Using dialect: org.hibernate.dialect.MySQL5Dialect
20:31:10.169 [main] INFO  o.h.e.t.j.p.i.JtaPlatformInitiator - Method:  - HHH000490: Using JtaPlatform implementation: [org.hibernate.engine.transaction.jta.platform.internal.NoJtaPlatform]
20:31:10.180 [main] INFO  o.s.o.j.LocalContainerEntityManagerFactoryBean - Method:  - Initialized JPA EntityManagerFactory for persistence unit 'default'
20:31:10.950 [main] WARN  o.s.b.a.o.j.JpaBaseConfiguration$JpaWebConfiguration - Method:  - spring.jpa.open-in-view is enabled by default. Therefore, database queries may be performed during view rendering. Explicitly configure spring.jpa.open-in-view to disable this warning
20:31:11.166 [main] INFO  s.d.s.w.PropertySourcedRequestMappingHandlerMapping - Method:  - Mapped URL path [/v2/api-docs] onto method [springfox.documentation.swagger2.web.Swagger2Controller#getDocumentation(String, HttpServletRequest)]
20:31:11.555 [main] INFO  o.a.coyote.http11.Http11NioProtocol - Method:  - Starting ProtocolHandler ["http-nio-9091"]
20:31:11.604 [main] INFO  o.s.b.w.e.tomcat.TomcatWebServer - Method:  - Tomcat started on port(s): 9091 (http) with context path ''
20:31:11.605 [main] INFO  s.d.s.w.p.DocumentationPluginsBootstrapper - Method:  - Context refreshed
20:31:11.637 [main] INFO  s.d.s.w.p.DocumentationPluginsBootstrapper - Method:  - Found 1 custom documentation plugin(s)
20:31:11.682 [main] INFO  s.d.s.w.s.ApiListingReferenceScanner - Method:  - Scanning for api listing references
20:31:11.892 [main] INFO  c.e.S.StudentApplication - Method:  - Started StudentApplication in 7.957 seconds (JVM running for 10.642)
20:32:44.715 [http-nio-9091-exec-1] INFO  o.a.c.c.C.[Tomcat].[localhost].[/] - Method:  - Initializing Spring DispatcherServlet 'dispatcherServlet'
20:32:44.715 [http-nio-9091-exec-1] INFO  o.s.web.servlet.DispatcherServlet - Method:  - Initializing Servlet 'dispatcherServlet'
20:32:44.718 [http-nio-9091-exec-1] INFO  o.s.web.servlet.DispatcherServlet - Method:  - Completed initialization in 2 ms
20:33:09.836 [http-nio-9091-exec-4] INFO  c.e.S.controller.StudentController - Method:  - Received GET request at /hi endpoint
20:33:09.838 [http-nio-9091-exec-4] INFO  c.e.S.service.StudentService - Method: helloMethod - Executing hello method in servicehelper
20:35:31.324 [main] INFO  c.e.S.StudentApplication - Method:  - Starting StudentApplication using Java 17.0.1 on LP-5CD013FPX7 with PID 26644 (C:\Users\saiswetha.v\IdeaProjects\StudentApplication\build\classes\java\main started by saiswetha.v in C:\Users\saiswetha.v\IdeaProjects\StudentApplication)
20:35:31.326 [main] INFO  c.e.S.StudentApplication - Method:  - No active profile set, falling back to 1 default profile: "default"
20:35:32.391 [main] INFO  o.s.d.r.c.RepositoryConfigurationDelegate - Method:  - Bootstrapping Spring Data JPA repositories in DEFAULT mode.
20:35:32.483 [main] INFO  o.s.d.r.c.RepositoryConfigurationDelegate - Method:  - Finished Spring Data repository scanning in 76 ms. Found 1 JPA repository interfaces.
20:35:33.275 [main] INFO  o.s.b.w.e.tomcat.TomcatWebServer - Method:  - Tomcat initialized with port(s): 9091 (http)
20:35:33.282 [main] INFO  o.a.coyote.http11.Http11NioProtocol - Method:  - Initializing ProtocolHandler ["http-nio-9091"]
20:35:33.285 [main] INFO  o.a.catalina.core.StandardService - Method:  - Starting service [Tomcat]
20:35:33.286 [main] INFO  o.a.catalina.core.StandardEngine - Method:  - Starting Servlet engine: [Apache Tomcat/9.0.82]
20:35:33.551 [main] INFO  o.a.c.c.C.[Tomcat].[localhost].[/] - Method:  - Initializing Spring embedded WebApplicationContext
20:35:33.551 [main] INFO  o.s.b.w.s.c.ServletWebServerApplicationContext - Method:  - Root WebApplicationContext: initialization completed in 2171 ms
20:35:33.803 [main] INFO  o.h.jpa.internal.util.LogHelper - Method:  - HHH000204: Processing PersistenceUnitInfo [name: default]
20:35:33.876 [main] INFO  org.hibernate.Version - Method:  - HHH000412: Hibernate ORM core version 5.6.15.Final
20:35:34.086 [main] INFO  o.h.annotations.common.Version - Method:  - HCANN000001: Hibernate Commons Annotations {5.1.2.Final}
20:35:34.205 [main] INFO  com.zaxxer.hikari.HikariDataSource - Method:  - HikariPool-1 - Starting...
20:35:34.583 [main] INFO  com.zaxxer.hikari.HikariDataSource - Method:  - HikariPool-1 - Start completed.
20:35:34.598 [main] INFO  org.hibernate.dialect.Dialect - Method:  - HHH000400: Using dialect: org.hibernate.dialect.MySQL5Dialect
20:35:35.335 [main] INFO  o.h.e.t.j.p.i.JtaPlatformInitiator - Method:  - HHH000490: Using JtaPlatform implementation: [org.hibernate.engine.transaction.jta.platform.internal.NoJtaPlatform]
20:35:35.346 [main] INFO  o.s.o.j.LocalContainerEntityManagerFactoryBean - Method:  - Initialized JPA EntityManagerFactory for persistence unit 'default'
20:35:35.961 [main] WARN  o.s.b.a.o.j.JpaBaseConfiguration$JpaWebConfiguration - Method:  - spring.jpa.open-in-view is enabled by default. Therefore, database queries may be performed during view rendering. Explicitly configure spring.jpa.open-in-view to disable this warning
20:35:36.123 [main] INFO  s.d.s.w.PropertySourcedRequestMappingHandlerMapping - Method:  - Mapped URL path [/v2/api-docs] onto method [springfox.documentation.swagger2.web.Swagger2Controller#getDocumentation(String, HttpServletRequest)]
20:35:36.412 [main] INFO  o.a.coyote.http11.Http11NioProtocol - Method:  - Starting ProtocolHandler ["http-nio-9091"]
20:35:36.455 [main] INFO  o.s.b.w.e.tomcat.TomcatWebServer - Method:  - Tomcat started on port(s): 9091 (http) with context path ''
20:35:36.456 [main] INFO  s.d.s.w.p.DocumentationPluginsBootstrapper - Method:  - Context refreshed
20:35:36.479 [main] INFO  s.d.s.w.p.DocumentationPluginsBootstrapper - Method:  - Found 1 custom documentation plugin(s)
20:35:36.512 [main] INFO  s.d.s.w.s.ApiListingReferenceScanner - Method:  - Scanning for api listing references
20:35:36.675 [main] INFO  c.e.S.StudentApplication - Method:  - Started StudentApplication in 5.841 seconds (JVM running for 8.507)
20:36:09.014 [http-nio-9091-exec-2] INFO  o.a.c.c.C.[Tomcat].[localhost].[/] - Method:  - Initializing Spring DispatcherServlet 'dispatcherServlet'
20:36:09.015 [http-nio-9091-exec-2] INFO  o.s.web.servlet.DispatcherServlet - Method:  - Initializing Servlet 'dispatcherServlet'
20:36:09.016 [http-nio-9091-exec-2] INFO  o.s.web.servlet.DispatcherServlet - Method:  - Completed initialization in 1 ms
20:36:09.061 [http-nio-9091-exec-2] INFO  c.e.S.controller.StudentController - Method:  - Received GET request at /hi endpoint
20:36:09.070 [http-nio-9091-exec-2] INFO  c.e.S.service.StudentService - Method: helloMethod - Executing hello method in servicehelper
20:36:13.603 [http-nio-9091-exec-3] WARN  o.s.web.servlet.PageNotFound - Method:  - Request method 'POST' not supported
20:38:13.973 [main] INFO  c.e.S.StudentApplication - Method:  - Starting StudentApplication using Java 17.0.1 on LP-5CD013FPX7 with PID 23124 (C:\Users\saiswetha.v\IdeaProjects\StudentApplication\build\classes\java\main started by saiswetha.v in C:\Users\saiswetha.v\IdeaProjects\StudentApplication)
20:38:13.976 [main] INFO  c.e.S.StudentApplication - Method:  - No active profile set, falling back to 1 default profile: "default"
20:38:15.029 [main] INFO  o.s.d.r.c.RepositoryConfigurationDelegate - Method:  - Bootstrapping Spring Data JPA repositories in DEFAULT mode.
20:38:15.109 [main] INFO  o.s.d.r.c.RepositoryConfigurationDelegate - Method:  - Finished Spring Data repository scanning in 69 ms. Found 1 JPA repository interfaces.
20:38:15.931 [main] INFO  o.s.b.w.e.tomcat.TomcatWebServer - Method:  - Tomcat initialized with port(s): 9091 (http)
20:38:15.939 [main] INFO  o.a.coyote.http11.Http11NioProtocol - Method:  - Initializing ProtocolHandler ["http-nio-9091"]
20:38:15.942 [main] INFO  o.a.catalina.core.StandardService - Method:  - Starting service [Tomcat]
20:38:15.942 [main] INFO  o.a.catalina.core.StandardEngine - Method:  - Starting Servlet engine: [Apache Tomcat/9.0.82]
20:38:16.221 [main] INFO  o.a.c.c.C.[Tomcat].[localhost].[/] - Method:  - Initializing Spring embedded WebApplicationContext
20:38:16.221 [main] INFO  o.s.b.w.s.c.ServletWebServerApplicationContext - Method:  - Root WebApplicationContext: initialization completed in 2187 ms
20:38:16.497 [main] INFO  o.h.jpa.internal.util.LogHelper - Method:  - HHH000204: Processing PersistenceUnitInfo [name: default]
20:38:16.573 [main] INFO  org.hibernate.Version - Method:  - HHH000412: Hibernate ORM core version 5.6.15.Final
20:38:16.811 [main] INFO  o.h.annotations.common.Version - Method:  - HCANN000001: Hibernate Commons Annotations {5.1.2.Final}
20:38:16.930 [main] INFO  com.zaxxer.hikari.HikariDataSource - Method:  - HikariPool-1 - Starting...
20:38:17.315 [main] INFO  com.zaxxer.hikari.HikariDataSource - Method:  - HikariPool-1 - Start completed.
20:38:17.331 [main] INFO  org.hibernate.dialect.Dialect - Method:  - HHH000400: Using dialect: org.hibernate.dialect.MySQL5Dialect
20:38:18.096 [main] INFO  o.h.e.t.j.p.i.JtaPlatformInitiator - Method:  - HHH000490: Using JtaPlatform implementation: [org.hibernate.engine.transaction.jta.platform.internal.NoJtaPlatform]
20:38:18.110 [main] INFO  o.s.o.j.LocalContainerEntityManagerFactoryBean - Method:  - Initialized JPA EntityManagerFactory for persistence unit 'default'
20:38:18.722 [main] WARN  o.s.b.a.o.j.JpaBaseConfiguration$JpaWebConfiguration - Method:  - spring.jpa.open-in-view is enabled by default. Therefore, database queries may be performed during view rendering. Explicitly configure spring.jpa.open-in-view to disable this warning
20:38:18.860 [main] INFO  s.d.s.w.PropertySourcedRequestMappingHandlerMapping - Method:  - Mapped URL path [/v2/api-docs] onto method [springfox.documentation.swagger2.web.Swagger2Controller#getDocumentation(String, HttpServletRequest)]
20:38:19.151 [main] INFO  o.a.coyote.http11.Http11NioProtocol - Method:  - Starting ProtocolHandler ["http-nio-9091"]
20:38:19.192 [main] INFO  o.s.b.w.e.tomcat.TomcatWebServer - Method:  - Tomcat started on port(s): 9091 (http) with context path ''
20:38:19.193 [main] INFO  s.d.s.w.p.DocumentationPluginsBootstrapper - Method:  - Context refreshed
20:38:19.216 [main] INFO  s.d.s.w.p.DocumentationPluginsBootstrapper - Method:  - Found 1 custom documentation plugin(s)
20:38:19.247 [main] INFO  s.d.s.w.s.ApiListingReferenceScanner - Method:  - Scanning for api listing references
20:38:19.409 [main] INFO  c.e.S.StudentApplication - Method:  - Started StudentApplication in 6.023 seconds (JVM running for 8.981)
20:38:31.796 [http-nio-9091-exec-2] INFO  o.a.c.c.C.[Tomcat].[localhost].[/] - Method:  - Initializing Spring DispatcherServlet 'dispatcherServlet'
20:38:31.797 [http-nio-9091-exec-2] INFO  o.s.web.servlet.DispatcherServlet - Method:  - Initializing Servlet 'dispatcherServlet'
20:38:31.801 [http-nio-9091-exec-2] INFO  o.s.web.servlet.DispatcherServlet - Method:  - Completed initialization in 3 ms
20:45:54.603 [main] INFO  c.e.S.StudentApplication - Method:  - Starting StudentApplication using Java 17.0.1 on LP-5CD013FPX7 with PID 9184 (C:\Users\saiswetha.v\IdeaProjects\StudentApplication\build\classes\java\main started by saiswetha.v in C:\Users\saiswetha.v\IdeaProjects\StudentApplication)
20:45:54.607 [main] INFO  c.e.S.StudentApplication - Method:  - No active profile set, falling back to 1 default profile: "default"
20:45:55.811 [main] INFO  o.s.d.r.c.RepositoryConfigurationDelegate - Method:  - Bootstrapping Spring Data JPA repositories in DEFAULT mode.
20:45:55.887 [main] INFO  o.s.d.r.c.RepositoryConfigurationDelegate - Method:  - Finished Spring Data repository scanning in 65 ms. Found 1 JPA repository interfaces.
20:45:56.722 [main] INFO  o.s.b.w.e.tomcat.TomcatWebServer - Method:  - Tomcat initialized with port(s): 9091 (http)
20:45:56.730 [main] INFO  o.a.coyote.http11.Http11NioProtocol - Method:  - Initializing ProtocolHandler ["http-nio-9091"]
20:45:56.733 [main] INFO  o.a.catalina.core.StandardService - Method:  - Starting service [Tomcat]
20:45:56.733 [main] INFO  o.a.catalina.core.StandardEngine - Method:  - Starting Servlet engine: [Apache Tomcat/9.0.82]
20:45:56.977 [main] INFO  o.a.c.c.C.[Tomcat].[localhost].[/] - Method:  - Initializing Spring embedded WebApplicationContext
20:45:56.977 [main] INFO  o.s.b.w.s.c.ServletWebServerApplicationContext - Method:  - Root WebApplicationContext: initialization completed in 2309 ms
20:45:57.235 [main] INFO  o.h.jpa.internal.util.LogHelper - Method:  - HHH000204: Processing PersistenceUnitInfo [name: default]
20:45:57.319 [main] INFO  org.hibernate.Version - Method:  - HHH000412: Hibernate ORM core version 5.6.15.Final
20:45:57.605 [main] INFO  o.h.annotations.common.Version - Method:  - HCANN000001: Hibernate Commons Annotations {5.1.2.Final}
20:45:57.739 [main] INFO  com.zaxxer.hikari.HikariDataSource - Method:  - HikariPool-1 - Starting...
20:45:58.194 [main] INFO  com.zaxxer.hikari.HikariDataSource - Method:  - HikariPool-1 - Start completed.
20:45:58.212 [main] INFO  org.hibernate.dialect.Dialect - Method:  - HHH000400: Using dialect: org.hibernate.dialect.MySQL5Dialect
20:45:59.078 [main] INFO  o.h.e.t.j.p.i.JtaPlatformInitiator - Method:  - HHH000490: Using JtaPlatform implementation: [org.hibernate.engine.transaction.jta.platform.internal.NoJtaPlatform]
20:45:59.096 [main] INFO  o.s.o.j.LocalContainerEntityManagerFactoryBean - Method:  - Initialized JPA EntityManagerFactory for persistence unit 'default'
20:45:59.743 [main] WARN  o.s.b.a.o.j.JpaBaseConfiguration$JpaWebConfiguration - Method:  - spring.jpa.open-in-view is enabled by default. Therefore, database queries may be performed during view rendering. Explicitly configure spring.jpa.open-in-view to disable this warning
20:45:59.891 [main] INFO  s.d.s.w.PropertySourcedRequestMappingHandlerMapping - Method:  - Mapped URL path [/v2/api-docs] onto method [springfox.documentation.swagger2.web.Swagger2Controller#getDocumentation(String, HttpServletRequest)]
20:46:00.196 [main] INFO  o.a.coyote.http11.Http11NioProtocol - Method:  - Starting ProtocolHandler ["http-nio-9091"]
20:46:00.233 [main] INFO  o.s.b.w.e.tomcat.TomcatWebServer - Method:  - Tomcat started on port(s): 9091 (http) with context path ''
20:46:00.234 [main] INFO  s.d.s.w.p.DocumentationPluginsBootstrapper - Method:  - Context refreshed
20:46:00.253 [main] INFO  s.d.s.w.p.DocumentationPluginsBootstrapper - Method:  - Found 1 custom documentation plugin(s)
20:46:00.281 [main] INFO  s.d.s.w.s.ApiListingReferenceScanner - Method:  - Scanning for api listing references
20:46:00.443 [main] INFO  c.e.S.StudentApplication - Method:  - Started StudentApplication in 6.366 seconds (JVM running for 8.947)
20:46:17.403 [http-nio-9091-exec-1] INFO  o.a.c.c.C.[Tomcat].[localhost].[/] - Method:  - Initializing Spring DispatcherServlet 'dispatcherServlet'
20:46:17.403 [http-nio-9091-exec-1] INFO  o.s.web.servlet.DispatcherServlet - Method:  - Initializing Servlet 'dispatcherServlet'
20:46:17.405 [http-nio-9091-exec-1] INFO  o.s.web.servlet.DispatcherServlet - Method:  - Completed initialization in 2 ms
20:47:24.764 [main] INFO  c.e.S.StudentApplication - Method:  - Starting StudentApplication using Java 17.0.1 on LP-5CD013FPX7 with PID 3324 (C:\Users\saiswetha.v\IdeaProjects\StudentApplication\build\classes\java\main started by saiswetha.v in C:\Users\saiswetha.v\IdeaProjects\StudentApplication)
20:47:24.767 [main] INFO  c.e.S.StudentApplication - Method:  - No active profile set, falling back to 1 default profile: "default"
20:47:25.846 [main] INFO  o.s.d.r.c.RepositoryConfigurationDelegate - Method:  - Bootstrapping Spring Data JPA repositories in DEFAULT mode.
20:47:25.923 [main] INFO  o.s.d.r.c.RepositoryConfigurationDelegate - Method:  - Finished Spring Data repository scanning in 65 ms. Found 1 JPA repository interfaces.
20:47:26.775 [main] INFO  o.s.b.w.e.tomcat.TomcatWebServer - Method:  - Tomcat initialized with port(s): 9090 (http)
20:47:26.783 [main] INFO  o.a.coyote.http11.Http11NioProtocol - Method:  - Initializing ProtocolHandler ["http-nio-9090"]
20:47:26.786 [main] INFO  o.a.catalina.core.StandardService - Method:  - Starting service [Tomcat]
20:47:26.786 [main] INFO  o.a.catalina.core.StandardEngine - Method:  - Starting Servlet engine: [Apache Tomcat/9.0.82]
20:47:27.043 [main] INFO  o.a.c.c.C.[Tomcat].[localhost].[/] - Method:  - Initializing Spring embedded WebApplicationContext
20:47:27.043 [main] INFO  o.s.b.w.s.c.ServletWebServerApplicationContext - Method:  - Root WebApplicationContext: initialization completed in 2225 ms
20:47:27.292 [main] INFO  o.h.jpa.internal.util.LogHelper - Method:  - HHH000204: Processing PersistenceUnitInfo [name: default]
20:47:27.357 [main] INFO  org.hibernate.Version - Method:  - HHH000412: Hibernate ORM core version 5.6.15.Final
20:47:27.564 [main] INFO  o.h.annotations.common.Version - Method:  - HCANN000001: Hibernate Commons Annotations {5.1.2.Final}
20:47:27.682 [main] INFO  com.zaxxer.hikari.HikariDataSource - Method:  - HikariPool-1 - Starting...
20:47:28.090 [main] INFO  com.zaxxer.hikari.HikariDataSource - Method:  - HikariPool-1 - Start completed.
20:47:28.105 [main] INFO  org.hibernate.dialect.Dialect - Method:  - HHH000400: Using dialect: org.hibernate.dialect.MySQL5Dialect
20:47:28.895 [main] INFO  o.h.e.t.j.p.i.JtaPlatformInitiator - Method:  - HHH000490: Using JtaPlatform implementation: [org.hibernate.engine.transaction.jta.platform.internal.NoJtaPlatform]
20:47:28.911 [main] INFO  o.s.o.j.LocalContainerEntityManagerFactoryBean - Method:  - Initialized JPA EntityManagerFactory for persistence unit 'default'
20:47:29.600 [main] WARN  o.s.b.a.o.j.JpaBaseConfiguration$JpaWebConfiguration - Method:  - spring.jpa.open-in-view is enabled by default. Therefore, database queries may be performed during view rendering. Explicitly configure spring.jpa.open-in-view to disable this warning
20:47:29.823 [main] INFO  s.d.s.w.PropertySourcedRequestMappingHandlerMapping - Method:  - Mapped URL path [/v2/api-docs] onto method [springfox.documentation.swagger2.web.Swagger2Controller#getDocumentation(String, HttpServletRequest)]
20:47:30.199 [main] INFO  o.a.coyote.http11.Http11NioProtocol - Method:  - Starting ProtocolHandler ["http-nio-9090"]
20:47:30.244 [main] INFO  o.s.b.w.e.tomcat.TomcatWebServer - Method:  - Tomcat started on port(s): 9090 (http) with context path ''
20:47:30.245 [main] INFO  s.d.s.w.p.DocumentationPluginsBootstrapper - Method:  - Context refreshed
20:47:30.273 [main] INFO  s.d.s.w.p.DocumentationPluginsBootstrapper - Method:  - Found 1 custom documentation plugin(s)
20:47:30.317 [main] INFO  s.d.s.w.s.ApiListingReferenceScanner - Method:  - Scanning for api listing references
20:47:30.550 [main] INFO  c.e.S.StudentApplication - Method:  - Started StudentApplication in 6.323 seconds (JVM running for 8.829)
20:47:51.352 [http-nio-9090-exec-1] INFO  o.a.c.c.C.[Tomcat].[localhost].[/] - Method:  - Initializing Spring DispatcherServlet 'dispatcherServlet'
20:47:51.353 [http-nio-9090-exec-1] INFO  o.s.web.servlet.DispatcherServlet - Method:  - Initializing Servlet 'dispatcherServlet'
20:47:51.358 [http-nio-9090-exec-1] INFO  o.s.web.servlet.DispatcherServlet - Method:  - Completed initialization in 5 ms
20:47:59.829 [http-nio-9090-exec-3] INFO  c.e.S.controller.StudentController - Method:  - Received GET request at /hi endpoint
20:47:59.832 [http-nio-9090-exec-3] INFO  c.e.S.service.StudentService - Method: helloMethod - Executing hello method in servicehelper
20:51:33.320 [main] INFO  c.e.S.StudentApplication - Method:  - Starting StudentApplication using Java 17.0.1 on LP-5CD013FPX7 with PID 24784 (C:\Users\saiswetha.v\IdeaProjects\StudentApplication\build\classes\java\main started by saiswetha.v in C:\Users\saiswetha.v\IdeaProjects\StudentApplication)
20:51:33.325 [main] INFO  c.e.S.StudentApplication - Method:  - No active profile set, falling back to 1 default profile: "default"
20:51:34.515 [main] INFO  o.s.d.r.c.RepositoryConfigurationDelegate - Method:  - Bootstrapping Spring Data JPA repositories in DEFAULT mode.
20:51:34.593 [main] INFO  o.s.d.r.c.RepositoryConfigurationDelegate - Method:  - Finished Spring Data repository scanning in 65 ms. Found 1 JPA repository interfaces.
20:51:35.457 [main] INFO  o.s.b.w.e.tomcat.TomcatWebServer - Method:  - Tomcat initialized with port(s): 9091 (http)
20:51:35.470 [main] INFO  o.a.coyote.http11.Http11NioProtocol - Method:  - Initializing ProtocolHandler ["http-nio-9091"]
20:51:35.473 [main] INFO  o.a.catalina.core.StandardService - Method:  - Starting service [Tomcat]
20:51:35.474 [main] INFO  o.a.catalina.core.StandardEngine - Method:  - Starting Servlet engine: [Apache Tomcat/9.0.82]
20:51:35.867 [main] INFO  o.a.c.c.C.[Tomcat].[localhost].[/] - Method:  - Initializing Spring embedded WebApplicationContext
20:51:35.867 [main] INFO  o.s.b.w.s.c.ServletWebServerApplicationContext - Method:  - Root WebApplicationContext: initialization completed in 2474 ms
20:51:36.186 [main] INFO  o.h.jpa.internal.util.LogHelper - Method:  - HHH000204: Processing PersistenceUnitInfo [name: default]
20:51:36.278 [main] INFO  org.hibernate.Version - Method:  - HHH000412: Hibernate ORM core version 5.6.15.Final
20:51:36.548 [main] INFO  o.h.annotations.common.Version - Method:  - HCANN000001: Hibernate Commons Annotations {5.1.2.Final}
20:51:36.728 [main] INFO  com.zaxxer.hikari.HikariDataSource - Method:  - HikariPool-1 - Starting...
20:51:37.193 [main] INFO  com.zaxxer.hikari.HikariDataSource - Method:  - HikariPool-1 - Start completed.
20:51:37.212 [main] INFO  org.hibernate.dialect.Dialect - Method:  - HHH000400: Using dialect: org.hibernate.dialect.MySQL5Dialect
20:51:38.053 [main] INFO  o.h.e.t.j.p.i.JtaPlatformInitiator - Method:  - HHH000490: Using JtaPlatform implementation: [org.hibernate.engine.transaction.jta.platform.internal.NoJtaPlatform]
20:51:38.064 [main] INFO  o.s.o.j.LocalContainerEntityManagerFactoryBean - Method:  - Initialized JPA EntityManagerFactory for persistence unit 'default'
20:51:38.702 [main] WARN  o.s.b.a.o.j.JpaBaseConfiguration$JpaWebConfiguration - Method:  - spring.jpa.open-in-view is enabled by default. Therefore, database queries may be performed during view rendering. Explicitly configure spring.jpa.open-in-view to disable this warning
20:51:38.866 [main] INFO  s.d.s.w.PropertySourcedRequestMappingHandlerMapping - Method:  - Mapped URL path [/v2/api-docs] onto method [springfox.documentation.swagger2.web.Swagger2Controller#getDocumentation(String, HttpServletRequest)]
20:51:39.187 [main] INFO  o.a.coyote.http11.Http11NioProtocol - Method:  - Starting ProtocolHandler ["http-nio-9091"]
20:51:39.225 [main] INFO  o.s.b.w.e.tomcat.TomcatWebServer - Method:  - Tomcat started on port(s): 9091 (http) with context path ''
20:51:39.227 [main] INFO  s.d.s.w.p.DocumentationPluginsBootstrapper - Method:  - Context refreshed
20:51:39.248 [main] INFO  s.d.s.w.p.DocumentationPluginsBootstrapper - Method:  - Found 1 custom documentation plugin(s)
20:51:39.277 [main] INFO  s.d.s.w.s.ApiListingReferenceScanner - Method:  - Scanning for api listing references
20:51:39.447 [main] INFO  c.e.S.StudentApplication - Method:  - Started StudentApplication in 6.738 seconds (JVM running for 9.508)
20:51:44.054 [http-nio-9090-exec-6] INFO  c.e.S.controller.StudentController - Method:  - Received GET request at /hi endpoint
20:51:44.055 [http-nio-9090-exec-6] INFO  c.e.S.service.StudentService - Method: helloMethod - Executing hello method in servicehelper
20:51:56.900 [http-nio-9091-exec-1] INFO  o.a.c.c.C.[Tomcat].[localhost].[/] - Method:  - Initializing Spring DispatcherServlet 'dispatcherServlet'
20:51:56.901 [http-nio-9091-exec-1] INFO  o.s.web.servlet.DispatcherServlet - Method:  - Initializing Servlet 'dispatcherServlet'
20:51:56.902 [http-nio-9091-exec-1] INFO  o.s.web.servlet.DispatcherServlet - Method:  - Completed initialization in 1 ms
20:51:56.929 [http-nio-9091-exec-1] INFO  c.e.S.controller.StudentController - Method:  - Received GET request at /hi endpoint
20:51:56.933 [http-nio-9091-exec-1] INFO  c.e.S.service.StudentService - Method: helloMethod - Executing hello method in servicehelper
20:51:58.108 [http-nio-9091-exec-3] INFO  c.e.S.controller.StudentController - Method:  - Received GET request at /hi endpoint
20:51:58.108 [http-nio-9091-exec-3] INFO  c.e.S.service.StudentService - Method: helloMethod - Executing hello method in servicehelper
20:52:05.334 [http-nio-9091-exec-4] INFO  c.e.S.controller.StudentController - Method:  - Received POST request at / endpoint to add student: Student(id=0, name=sai, dept=it) at info level
20:52:05.342 [http-nio-9091-exec-4] INFO  c.e.S.service.StudentService - Method: addStudent - Adding student: Student(id=0, name=sai, dept=it)
20:52:05.344 [http-nio-9091-exec-4] INFO  c.e.S.service.StudentService - Method: addStudent - Fetching student details with name from the databasesai
20:52:05.721 [http-nio-9091-exec-4] INFO  c.e.S.service.StudentService - Method: addStudent - Adding student: Student(id=0, name=sai, dept=it)
20:52:05.927 [http-nio-9091-exec-4] INFO  c.e.S.service.StudentService - Method: addStudent - Student added successfully Student(id=1, name=sai, dept=it)
20:52:22.571 [http-nio-9091-exec-5] INFO  c.e.S.controller.StudentController - Method:  - Received GET request at / endpoint to fetch all students at info level
20:52:22.572 [http-nio-9091-exec-5] INFO  c.e.S.service.StudentService - Method: findall - Fetching all students from the database
20:52:22.572 [http-nio-9091-exec-5] INFO  c.e.S.service.StudentService - Method: findall - Fetching all students from the database
20:52:28.523 [http-nio-9091-exec-6] INFO  c.e.S.controller.StudentController - Method:  - Received GET request at / endpoint to fetch all students at info level
20:52:28.524 [http-nio-9091-exec-6] INFO  c.e.S.service.StudentService - Method: findall - Fetching all students from the database
20:52:28.524 [http-nio-9091-exec-6] INFO  c.e.S.service.StudentService - Method: findall - Fetching all students from the database
20:52:29.865 [http-nio-9091-exec-7] INFO  c.e.S.controller.StudentController - Method:  - Received GET request at / endpoint to fetch all students at info level
20:52:29.865 [http-nio-9091-exec-7] INFO  c.e.S.service.StudentService - Method: findall - Fetching all students from the database
20:52:29.866 [http-nio-9091-exec-7] INFO  c.e.S.service.StudentService - Method: findall - Fetching all students from the database
20:52:31.214 [http-nio-9091-exec-8] INFO  c.e.S.controller.StudentController - Method:  - Received GET request at / endpoint to fetch all students at info level
20:52:31.214 [http-nio-9091-exec-8] INFO  c.e.S.service.StudentService - Method: findall - Fetching all students from the database
20:52:31.215 [http-nio-9091-exec-8] INFO  c.e.S.service.StudentService - Method: findall - Fetching all students from the database
20:52:35.649 [http-nio-9091-exec-9] INFO  c.e.S.controller.StudentController - Method:  - Received POST request at / endpoint to add student: Student(id=0, name=sai, dept=it) at info level
20:52:35.650 [http-nio-9091-exec-9] INFO  c.e.S.service.StudentService - Method: addStudent - Adding student: Student(id=0, name=sai, dept=it)
20:52:35.651 [http-nio-9091-exec-9] INFO  c.e.S.service.StudentService - Method: addStudent - Fetching student details with name from the databasesai
20:52:35.670 [http-nio-9091-exec-9] ERROR c.e.S.service.StudentService - Method:  - StudentAlreadyExistsException is handled
20:52:48.456 [http-nio-9091-exec-10] INFO  c.e.S.controller.StudentController - Method:  - Received GET request at / endpoint to fetch all students at info level
20:52:48.456 [http-nio-9091-exec-10] INFO  c.e.S.service.StudentService - Method: findall - Fetching all students from the database
20:52:48.457 [http-nio-9091-exec-10] INFO  c.e.S.service.StudentService - Method: findall - Fetching all students from the database
20:52:53.115 [http-nio-9091-exec-2] INFO  c.e.S.controller.StudentController - Method:  - Received GET request at /count endpoint to count students at info level
20:52:53.116 [http-nio-9091-exec-2] INFO  c.e.S.service.StudentService - Method: countStudents - Counting students
20:52:53.117 [http-nio-9091-exec-2] INFO  c.e.S.service.StudentService - Method: countStudents - Counting students in the database
20:53:01.804 [http-nio-9091-exec-1] INFO  c.e.S.controller.StudentController - Method:  - Received DELETE request at /{id} endpoint to remove student by id at info level
20:53:01.804 [http-nio-9091-exec-1] INFO  c.e.S.service.StudentService - Method: deleteStudent - Deleting student by id: 1
20:53:01.806 [http-nio-9091-exec-1] INFO  c.e.S.service.StudentService - Method: deleteStudent - Fetching student with id from the database1
20:53:01.822 [http-nio-9091-exec-1] INFO  c.e.S.service.StudentService - Method: deleteStudent - Deleting student by id: {}1
20:53:01.835 [http-nio-9091-exec-1] INFO  c.e.S.service.StudentService - Method: deleteStudent - Student deleted successfully with id: 1
20:53:04.302 [http-nio-9091-exec-3] INFO  c.e.S.controller.StudentController - Method:  - Received DELETE request at /{id} endpoint to remove student by id at info level
20:53:04.302 [http-nio-9091-exec-3] INFO  c.e.S.service.StudentService - Method: deleteStudent - Deleting student by id: 1
20:53:04.303 [http-nio-9091-exec-3] INFO  c.e.S.service.StudentService - Method: deleteStudent - Fetching student with id from the database1
20:53:04.310 [http-nio-9091-exec-3] ERROR c.e.S.service.StudentService - Method:  - StudentNotFoundException is handled
20:53:09.542 [http-nio-9091-exec-4] INFO  c.e.S.controller.StudentController - Method:  - Received DELETE request at / endpoint to remove all students at info level
20:53:09.544 [http-nio-9091-exec-4] INFO  c.e.S.service.StudentService - Method: deleteAllStudents - Deleting all students from the database
20:53:09.544 [http-nio-9091-exec-4] INFO  c.e.S.service.StudentService - Method: countStudents - Counting students
20:53:09.545 [http-nio-9091-exec-4] INFO  c.e.S.service.StudentService - Method: countStudents - Counting students in the database
20:53:09.549 [http-nio-9091-exec-4] INFO  c.e.S.service.StudentService - Method:  - Fetching all students from the database
20:53:09.560 [http-nio-9091-exec-4] ERROR c.e.S.service.StudentService - Method:  - StudentNotFoundException is handled
21:01:26.810 [main] INFO  c.e.S.StudentApplication - Method:  - Starting StudentApplication using Java 17.0.1 on LP-5CD013FPX7 with PID 25456 (C:\Users\saiswetha.v\IdeaProjects\StudentApplication\build\classes\java\main started by saiswetha.v in C:\Users\saiswetha.v\IdeaProjects\StudentApplication)
21:01:26.813 [main] INFO  c.e.S.StudentApplication - Method:  - No active profile set, falling back to 1 default profile: "default"
21:01:27.834 [main] INFO  o.s.d.r.c.RepositoryConfigurationDelegate - Method:  - Bootstrapping Spring Data JPA repositories in DEFAULT mode.
21:01:27.921 [main] INFO  o.s.d.r.c.RepositoryConfigurationDelegate - Method:  - Finished Spring Data repository scanning in 73 ms. Found 1 JPA repository interfaces.
21:01:28.781 [main] INFO  o.s.b.w.e.tomcat.TomcatWebServer - Method:  - Tomcat initialized with port(s): 8080 (http)
21:01:28.790 [main] INFO  o.a.coyote.http11.Http11NioProtocol - Method:  - Initializing ProtocolHandler ["http-nio-8080"]
21:01:28.793 [main] INFO  o.a.catalina.core.StandardService - Method:  - Starting service [Tomcat]
21:01:28.793 [main] INFO  o.a.catalina.core.StandardEngine - Method:  - Starting Servlet engine: [Apache Tomcat/9.0.82]
21:01:29.061 [main] INFO  o.a.c.c.C.[Tomcat].[localhost].[/] - Method:  - Initializing Spring embedded WebApplicationContext
21:01:29.061 [main] INFO  o.s.b.w.s.c.ServletWebServerApplicationContext - Method:  - Root WebApplicationContext: initialization completed in 2185 ms
21:01:29.310 [main] INFO  o.h.jpa.internal.util.LogHelper - Method:  - HHH000204: Processing PersistenceUnitInfo [name: default]
21:01:29.378 [main] INFO  org.hibernate.Version - Method:  - HHH000412: Hibernate ORM core version 5.6.15.Final
21:01:29.599 [main] INFO  o.h.annotations.common.Version - Method:  - HCANN000001: Hibernate Commons Annotations {5.1.2.Final}
21:01:29.736 [main] INFO  com.zaxxer.hikari.HikariDataSource - Method:  - HikariPool-1 - Starting...
21:01:30.128 [main] INFO  com.zaxxer.hikari.HikariDataSource - Method:  - HikariPool-1 - Start completed.
21:01:30.143 [main] INFO  org.hibernate.dialect.Dialect - Method:  - HHH000400: Using dialect: org.hibernate.dialect.MySQL5Dialect
21:01:30.921 [main] INFO  o.h.e.t.j.p.i.JtaPlatformInitiator - Method:  - HHH000490: Using JtaPlatform implementation: [org.hibernate.engine.transaction.jta.platform.internal.NoJtaPlatform]
21:01:30.931 [main] INFO  o.s.o.j.LocalContainerEntityManagerFactoryBean - Method:  - Initialized JPA EntityManagerFactory for persistence unit 'default'
21:01:31.557 [main] WARN  o.s.b.a.o.j.JpaBaseConfiguration$JpaWebConfiguration - Method:  - spring.jpa.open-in-view is enabled by default. Therefore, database queries may be performed during view rendering. Explicitly configure spring.jpa.open-in-view to disable this warning
21:01:31.698 [main] INFO  s.d.s.w.PropertySourcedRequestMappingHandlerMapping - Method:  - Mapped URL path [/v2/api-docs] onto method [springfox.documentation.swagger2.web.Swagger2Controller#getDocumentation(String, HttpServletRequest)]
21:01:31.982 [main] INFO  o.a.coyote.http11.Http11NioProtocol - Method:  - Starting ProtocolHandler ["http-nio-8080"]
21:01:31.988 [main] WARN  o.s.b.w.s.c.AnnotationConfigServletWebServerApplicationContext - Method:  - Exception encountered during context initialization - cancelling refresh attempt: org.springframework.context.ApplicationContextException: Failed to start bean 'webServerStartStop'; nested exception is org.springframework.boot.web.server.PortInUseException: Port 8080 is already in use
21:01:31.991 [main] INFO  o.s.o.j.LocalContainerEntityManagerFactoryBean - Method:  - Closing JPA EntityManagerFactory for persistence unit 'default'
21:01:31.991 [main] INFO  o.h.t.s.i.SchemaDropperImpl$DelayedDropActionImpl - Method:  - HHH000477: Starting delayed evictData of schema as part of SessionFactory shut-down'
21:01:32.011 [main] INFO  com.zaxxer.hikari.HikariDataSource - Method:  - HikariPool-1 - Shutdown initiated...
21:01:32.026 [main] INFO  com.zaxxer.hikari.HikariDataSource - Method:  - HikariPool-1 - Shutdown completed.
21:01:32.028 [main] INFO  o.a.coyote.http11.Http11NioProtocol - Method:  - Pausing ProtocolHandler ["http-nio-8080"]
21:01:32.028 [main] INFO  o.a.catalina.core.StandardService - Method:  - Stopping service [Tomcat]
21:01:32.033 [main] INFO  o.a.coyote.http11.Http11NioProtocol - Method:  - Stopping ProtocolHandler ["http-nio-8080"]
21:01:32.033 [main] INFO  o.a.coyote.http11.Http11NioProtocol - Method:  - Destroying ProtocolHandler ["http-nio-8080"]
21:01:32.043 [main] INFO  o.s.b.a.l.ConditionEvaluationReportLoggingListener - Method:  - 

Error starting ApplicationContext. To display the conditions report re-run your application with 'debug' enabled.
21:01:32.071 [main] ERROR o.s.b.d.LoggingFailureAnalysisReporter - Method:  - 

***************************
APPLICATION FAILED TO START
***************************

Description:

Web server failed to start. Port 8080 was already in use.

Action:

Identify and stop the process that's listening on port 8080 or configure this application to listen on another port.

21:02:26.083 [main] INFO  c.e.S.StudentApplication - Method:  - Starting StudentApplication using Java 17.0.1 on LP-5CD013FPX7 with PID 27540 (C:\Users\saiswetha.v\IdeaProjects\StudentApplication\build\classes\java\main started by saiswetha.v in C:\Users\saiswetha.v\IdeaProjects\StudentApplication)
21:02:26.088 [main] INFO  c.e.S.StudentApplication - Method:  - No active profile set, falling back to 1 default profile: "default"
21:02:27.542 [main] INFO  o.s.d.r.c.RepositoryConfigurationDelegate - Method:  - Bootstrapping Spring Data JPA repositories in DEFAULT mode.
21:02:27.678 [main] INFO  o.s.d.r.c.RepositoryConfigurationDelegate - Method:  - Finished Spring Data repository scanning in 114 ms. Found 1 JPA repository interfaces.
21:02:28.904 [main] INFO  o.s.b.w.e.tomcat.TomcatWebServer - Method:  - Tomcat initialized with port(s): 9090 (http)
21:02:28.917 [main] INFO  o.a.coyote.http11.Http11NioProtocol - Method:  - Initializing ProtocolHandler ["http-nio-9090"]
21:02:28.923 [main] INFO  o.a.catalina.core.StandardService - Method:  - Starting service [Tomcat]
21:02:28.924 [main] INFO  o.a.catalina.core.StandardEngine - Method:  - Starting Servlet engine: [Apache Tomcat/9.0.82]
21:02:29.326 [main] INFO  o.a.c.c.C.[Tomcat].[localhost].[/] - Method:  - Initializing Spring embedded WebApplicationContext
21:02:29.326 [main] INFO  o.s.b.w.s.c.ServletWebServerApplicationContext - Method:  - Root WebApplicationContext: initialization completed in 3164 ms
21:02:29.633 [main] INFO  o.h.jpa.internal.util.LogHelper - Method:  - HHH000204: Processing PersistenceUnitInfo [name: default]
21:02:29.697 [main] INFO  org.hibernate.Version - Method:  - HHH000412: Hibernate ORM core version 5.6.15.Final
21:02:29.956 [main] INFO  o.h.annotations.common.Version - Method:  - HCANN000001: Hibernate Commons Annotations {5.1.2.Final}
21:02:30.105 [main] INFO  com.zaxxer.hikari.HikariDataSource - Method:  - HikariPool-1 - Starting...
21:02:30.601 [main] INFO  com.zaxxer.hikari.HikariDataSource - Method:  - HikariPool-1 - Start completed.
21:02:30.618 [main] INFO  org.hibernate.dialect.Dialect - Method:  - HHH000400: Using dialect: org.hibernate.dialect.MySQL5Dialect
21:02:31.498 [main] INFO  o.h.e.t.j.p.i.JtaPlatformInitiator - Method:  - HHH000490: Using JtaPlatform implementation: [org.hibernate.engine.transaction.jta.platform.internal.NoJtaPlatform]
21:02:31.511 [main] INFO  o.s.o.j.LocalContainerEntityManagerFactoryBean - Method:  - Initialized JPA EntityManagerFactory for persistence unit 'default'
21:02:32.249 [main] WARN  o.s.b.a.o.j.JpaBaseConfiguration$JpaWebConfiguration - Method:  - spring.jpa.open-in-view is enabled by default. Therefore, database queries may be performed during view rendering. Explicitly configure spring.jpa.open-in-view to disable this warning
21:02:32.469 [main] INFO  s.d.s.w.PropertySourcedRequestMappingHandlerMapping - Method:  - Mapped URL path [/v2/api-docs] onto method [springfox.documentation.swagger2.web.Swagger2Controller#getDocumentation(String, HttpServletRequest)]
21:02:32.937 [main] INFO  o.a.coyote.http11.Http11NioProtocol - Method:  - Starting ProtocolHandler ["http-nio-9090"]
21:02:32.944 [main] WARN  o.s.b.w.s.c.AnnotationConfigServletWebServerApplicationContext - Method:  - Exception encountered during context initialization - cancelling refresh attempt: org.springframework.context.ApplicationContextException: Failed to start bean 'webServerStartStop'; nested exception is org.springframework.boot.web.server.PortInUseException: Port 9090 is already in use
21:02:32.950 [main] INFO  o.s.o.j.LocalContainerEntityManagerFactoryBean - Method:  - Closing JPA EntityManagerFactory for persistence unit 'default'
21:02:32.950 [main] INFO  o.h.t.s.i.SchemaDropperImpl$DelayedDropActionImpl - Method:  - HHH000477: Starting delayed evictData of schema as part of SessionFactory shut-down'
21:02:32.982 [main] INFO  com.zaxxer.hikari.HikariDataSource - Method:  - HikariPool-1 - Shutdown initiated...
21:02:33.009 [main] INFO  com.zaxxer.hikari.HikariDataSource - Method:  - HikariPool-1 - Shutdown completed.
21:02:33.011 [main] INFO  o.a.coyote.http11.Http11NioProtocol - Method:  - Pausing ProtocolHandler ["http-nio-9090"]
21:02:33.012 [main] INFO  o.a.catalina.core.StandardService - Method:  - Stopping service [Tomcat]
21:02:33.019 [main] INFO  o.a.coyote.http11.Http11NioProtocol - Method:  - Stopping ProtocolHandler ["http-nio-9090"]
21:02:33.020 [main] INFO  o.a.coyote.http11.Http11NioProtocol - Method:  - Destroying ProtocolHandler ["http-nio-9090"]
21:02:33.032 [main] INFO  o.s.b.a.l.ConditionEvaluationReportLoggingListener - Method:  - 

Error starting ApplicationContext. To display the conditions report re-run your application with 'debug' enabled.
21:02:33.057 [main] ERROR o.s.b.d.LoggingFailureAnalysisReporter - Method:  - 

***************************
APPLICATION FAILED TO START
***************************

Description:

Web server failed to start. Port 9090 was already in use.

Action:

Identify and stop the process that's listening on port 9090 or configure this application to listen on another port.

21:02:55.308 [main] INFO  c.e.S.StudentApplication - Method:  - Starting StudentApplication using Java 17.0.1 on LP-5CD013FPX7 with PID 22792 (C:\Users\saiswetha.v\IdeaProjects\StudentApplication\build\classes\java\main started by saiswetha.v in C:\Users\saiswetha.v\IdeaProjects\StudentApplication)
21:02:55.310 [main] INFO  c.e.S.StudentApplication - Method:  - No active profile set, falling back to 1 default profile: "default"
21:02:56.460 [main] INFO  o.s.d.r.c.RepositoryConfigurationDelegate - Method:  - Bootstrapping Spring Data JPA repositories in DEFAULT mode.
21:02:56.581 [main] INFO  o.s.d.r.c.RepositoryConfigurationDelegate - Method:  - Finished Spring Data repository scanning in 101 ms. Found 1 JPA repository interfaces.
21:02:57.685 [main] INFO  o.s.b.w.e.tomcat.TomcatWebServer - Method:  - Tomcat initialized with port(s): 9092 (http)
21:02:57.695 [main] INFO  o.a.coyote.http11.Http11NioProtocol - Method:  - Initializing ProtocolHandler ["http-nio-9092"]
21:02:57.699 [main] INFO  o.a.catalina.core.StandardService - Method:  - Starting service [Tomcat]
21:02:57.699 [main] INFO  o.a.catalina.core.StandardEngine - Method:  - Starting Servlet engine: [Apache Tomcat/9.0.82]
21:02:58.144 [main] INFO  o.a.c.c.C.[Tomcat].[localhost].[/] - Method:  - Initializing Spring embedded WebApplicationContext
21:02:58.144 [main] INFO  o.s.b.w.s.c.ServletWebServerApplicationContext - Method:  - Root WebApplicationContext: initialization completed in 2775 ms
21:02:58.434 [main] INFO  o.h.jpa.internal.util.LogHelper - Method:  - HHH000204: Processing PersistenceUnitInfo [name: default]
21:02:58.497 [main] INFO  org.hibernate.Version - Method:  - HHH000412: Hibernate ORM core version 5.6.15.Final
21:02:58.713 [main] INFO  o.h.annotations.common.Version - Method:  - HCANN000001: Hibernate Commons Annotations {5.1.2.Final}
21:02:58.842 [main] INFO  com.zaxxer.hikari.HikariDataSource - Method:  - HikariPool-1 - Starting...
21:02:59.229 [main] INFO  com.zaxxer.hikari.HikariDataSource - Method:  - HikariPool-1 - Start completed.
21:02:59.244 [main] INFO  org.hibernate.dialect.Dialect - Method:  - HHH000400: Using dialect: org.hibernate.dialect.MySQL5Dialect
21:03:00.039 [main] INFO  o.h.e.t.j.p.i.JtaPlatformInitiator - Method:  - HHH000490: Using JtaPlatform implementation: [org.hibernate.engine.transaction.jta.platform.internal.NoJtaPlatform]
21:03:00.048 [main] INFO  o.s.o.j.LocalContainerEntityManagerFactoryBean - Method:  - Initialized JPA EntityManagerFactory for persistence unit 'default'
21:03:00.720 [main] WARN  o.s.b.a.o.j.JpaBaseConfiguration$JpaWebConfiguration - Method:  - spring.jpa.open-in-view is enabled by default. Therefore, database queries may be performed during view rendering. Explicitly configure spring.jpa.open-in-view to disable this warning
21:03:00.882 [main] INFO  s.d.s.w.PropertySourcedRequestMappingHandlerMapping - Method:  - Mapped URL path [/v2/api-docs] onto method [springfox.documentation.swagger2.web.Swagger2Controller#getDocumentation(String, HttpServletRequest)]
21:03:01.205 [main] INFO  o.a.coyote.http11.Http11NioProtocol - Method:  - Starting ProtocolHandler ["http-nio-9092"]
21:03:01.253 [main] INFO  o.s.b.w.e.tomcat.TomcatWebServer - Method:  - Tomcat started on port(s): 9092 (http) with context path ''
21:03:01.255 [main] INFO  s.d.s.w.p.DocumentationPluginsBootstrapper - Method:  - Context refreshed
21:03:01.284 [main] INFO  s.d.s.w.p.DocumentationPluginsBootstrapper - Method:  - Found 1 custom documentation plugin(s)
21:03:01.316 [main] INFO  s.d.s.w.s.ApiListingReferenceScanner - Method:  - Scanning for api listing references
21:03:01.517 [main] INFO  c.e.S.StudentApplication - Method:  - Started StudentApplication in 6.781 seconds (JVM running for 9.478)
21:03:11.790 [http-nio-9092-exec-1] INFO  o.a.c.c.C.[Tomcat].[localhost].[/] - Method:  - Initializing Spring DispatcherServlet 'dispatcherServlet'
21:03:11.791 [http-nio-9092-exec-1] INFO  o.s.web.servlet.DispatcherServlet - Method:  - Initializing Servlet 'dispatcherServlet'
21:03:11.793 [http-nio-9092-exec-1] INFO  o.s.web.servlet.DispatcherServlet - Method:  - Completed initialization in 2 ms
21:03:12.008 [http-nio-9092-exec-1] INFO  c.e.S.controller.StudentController - Method:  - Received POST request at / endpoint to add student: Student(id=0, name=sai, dept=it) at info level
21:03:12.016 [http-nio-9092-exec-1] INFO  c.e.S.service.StudentService - Method: addStudent - Adding student: Student(id=0, name=sai, dept=it)
21:03:12.017 [http-nio-9092-exec-1] INFO  c.e.S.service.StudentService - Method: addStudent - Fetching student details with name from the databasesai
21:03:12.444 [http-nio-9092-exec-1] INFO  c.e.S.service.StudentService - Method: addStudent - Adding student: Student(id=0, name=sai, dept=it)
21:03:12.611 [http-nio-9092-exec-1] INFO  c.e.S.service.StudentService - Method: addStudent - Student added successfully Student(id=1, name=sai, dept=it)
21:03:15.481 [http-nio-9092-exec-3] INFO  c.e.S.controller.StudentController - Method:  - Received POST request at / endpoint to add student: Student(id=0, name=sai, dept=it) at info level
21:03:15.482 [http-nio-9092-exec-3] INFO  c.e.S.service.StudentService - Method: addStudent - Adding student: Student(id=0, name=sai, dept=it)
21:03:15.483 [http-nio-9092-exec-3] INFO  c.e.S.service.StudentService - Method: addStudent - Fetching student details with name from the databasesai
21:03:15.505 [http-nio-9092-exec-3] ERROR c.e.S.service.StudentService - Method:  - StudentAlreadyExistsException is handled
21:03:19.531 [http-nio-9092-exec-4] INFO  c.e.S.controller.StudentController - Method:  - Received GET request at / endpoint to fetch all students at info level
21:03:19.532 [http-nio-9092-exec-4] INFO  c.e.S.service.StudentService - Method: findall - Fetching all students from the database
21:03:19.533 [http-nio-9092-exec-4] INFO  c.e.S.service.StudentService - Method: findall - Fetching all students from the database
21:03:22.541 [http-nio-9092-exec-5] INFO  c.e.S.controller.StudentController - Method:  - Received GET request at / endpoint to fetch all students at info level
21:03:22.542 [http-nio-9092-exec-5] INFO  c.e.S.service.StudentService - Method: findall - Fetching all students from the database
21:03:22.542 [http-nio-9092-exec-5] INFO  c.e.S.service.StudentService - Method: findall - Fetching all students from the database
21:03:27.534 [http-nio-9092-exec-6] INFO  c.e.S.controller.StudentController - Method:  - Received GET request at /1 endpoint to fetch student by id at info level
21:03:27.535 [http-nio-9092-exec-6] INFO  c.e.S.service.StudentService - Method: findById - Fetching student with id from the database 1
21:03:27.538 [http-nio-9092-exec-6] INFO  c.e.S.service.StudentService - Method: findById - Fetching student with id from the database1
21:03:29.074 [http-nio-9092-exec-7] INFO  c.e.S.controller.StudentController - Method:  - Received GET request at /1 endpoint to fetch student by id at info level
21:03:29.075 [http-nio-9092-exec-7] INFO  c.e.S.service.StudentService - Method: findById - Fetching student with id from the database 1
21:03:29.075 [http-nio-9092-exec-7] INFO  c.e.S.service.StudentService - Method: findById - Fetching student with id from the database1
21:03:35.959 [http-nio-9092-exec-8] INFO  c.e.S.controller.StudentController - Method:  - Received DELETE request at /{id} endpoint to remove student by id at info level
21:03:35.960 [http-nio-9092-exec-8] INFO  c.e.S.service.StudentService - Method: deleteStudent - Deleting student by id: 1
21:03:35.960 [http-nio-9092-exec-8] INFO  c.e.S.service.StudentService - Method: deleteStudent - Fetching student with id from the database1
21:03:35.966 [http-nio-9092-exec-8] INFO  c.e.S.service.StudentService - Method: deleteStudent - Deleting student by id: {}1
21:03:35.976 [http-nio-9092-exec-8] INFO  c.e.S.service.StudentService - Method: deleteStudent - Student deleted successfully with id: 1
21:03:38.258 [http-nio-9092-exec-10] INFO  c.e.S.controller.StudentController - Method:  - Received DELETE request at /{id} endpoint to remove student by id at info level
21:03:38.259 [http-nio-9092-exec-10] INFO  c.e.S.service.StudentService - Method: deleteStudent - Deleting student by id: 1
21:03:38.259 [http-nio-9092-exec-10] INFO  c.e.S.service.StudentService - Method: deleteStudent - Fetching student with id from the database1
21:03:38.266 [http-nio-9092-exec-10] ERROR c.e.S.service.StudentService - Method:  - StudentNotFoundException is handled
21:03:42.295 [http-nio-9092-exec-9] INFO  c.e.S.controller.StudentController - Method:  - Received DELETE request at / endpoint to remove all students at info level
21:03:42.296 [http-nio-9092-exec-9] INFO  c.e.S.service.StudentService - Method: deleteAllStudents - Deleting all students from the database
21:03:42.296 [http-nio-9092-exec-9] INFO  c.e.S.service.StudentService - Method: countStudents - Counting students
21:03:42.296 [http-nio-9092-exec-9] INFO  c.e.S.service.StudentService - Method: countStudents - Counting students in the database
21:03:42.308 [http-nio-9092-exec-9] INFO  c.e.S.service.StudentService - Method:  - Fetching all students from the database
21:03:42.320 [http-nio-9092-exec-9] ERROR c.e.S.service.StudentService - Method:  - StudentNotFoundException is handled
00:04:58.440 [HikariPool-1 housekeeper] WARN  com.zaxxer.hikari.pool.HikariPool - Method:  - HikariPool-1 - Thread starvation or clock leap detected (housekeeper delta=3h29s935ms88s600ns).
00:04:59.274 [HikariPool-1 housekeeper] WARN  com.zaxxer.hikari.pool.HikariPool - Method:  - HikariPool-1 - Thread starvation or clock leap detected (housekeeper delta=3h29s940ms899s300ns).
10:01:52.570 [HikariPool-1 housekeeper] WARN  com.zaxxer.hikari.pool.HikariPool - Method:  - HikariPool-1 - Thread starvation or clock leap detected (housekeeper delta=3h40s474ms612s).
10:02:10.255 [HikariPool-1 housekeeper] WARN  com.zaxxer.hikari.pool.HikariPool - Method:  - HikariPool-1 - Thread starvation or clock leap detected (housekeeper delta=9h57m22s345ms768s700ns).
10:02:11.132 [HikariPool-1 housekeeper] WARN  com.zaxxer.hikari.pool.HikariPool - Method:  - HikariPool-1 - Thread starvation or clock leap detected (housekeeper delta=9h57m22s390ms972s200ns).
10:02:22.937 [HikariPool-1 housekeeper] WARN  com.zaxxer.hikari.pool.HikariPool - Method:  - HikariPool-1 - Thread starvation or clock leap detected (housekeeper delta=9h57m15s482ms361s100ns).
11:08:13.737 [main] INFO  c.e.S.StudentApplication - Method:  - Starting StudentApplication using Java 17.0.1 on LP-5CD013FPX7 with PID 10192 (C:\Users\saiswetha.v\IdeaProjects\StudentApplication\build\classes\java\main started by saiswetha.v in C:\Users\saiswetha.v\IdeaProjects\StudentApplication)
11:08:13.745 [main] INFO  c.e.S.StudentApplication - Method:  - No active profile set, falling back to 1 default profile: "default"
11:08:14.701 [main] INFO  o.s.d.r.c.RepositoryConfigurationDelegate - Method:  - Bootstrapping Spring Data JPA repositories in DEFAULT mode.
11:08:14.782 [main] INFO  o.s.d.r.c.RepositoryConfigurationDelegate - Method:  - Finished Spring Data repository scanning in 69 ms. Found 1 JPA repository interfaces.
11:08:15.597 [main] INFO  o.s.b.w.e.tomcat.TomcatWebServer - Method:  - Tomcat initialized with port(s): 9092 (http)
11:08:15.607 [main] INFO  o.a.coyote.http11.Http11NioProtocol - Method:  - Initializing ProtocolHandler ["http-nio-9092"]
11:08:15.611 [main] INFO  o.a.catalina.core.StandardService - Method:  - Starting service [Tomcat]
11:08:15.611 [main] INFO  o.a.catalina.core.StandardEngine - Method:  - Starting Servlet engine: [Apache Tomcat/9.0.82]
11:08:15.873 [main] INFO  o.a.c.c.C.[Tomcat].[localhost].[/] - Method:  - Initializing Spring embedded WebApplicationContext
11:08:15.873 [main] INFO  o.s.b.w.s.c.ServletWebServerApplicationContext - Method:  - Root WebApplicationContext: initialization completed in 2072 ms
11:08:16.125 [main] INFO  o.h.jpa.internal.util.LogHelper - Method:  - HHH000204: Processing PersistenceUnitInfo [name: default]
11:08:16.224 [main] INFO  org.hibernate.Version - Method:  - HHH000412: Hibernate ORM core version 5.6.15.Final
11:08:16.459 [main] INFO  o.h.annotations.common.Version - Method:  - HCANN000001: Hibernate Commons Annotations {5.1.2.Final}
11:08:16.589 [main] INFO  com.zaxxer.hikari.HikariDataSource - Method:  - HikariPool-1 - Starting...
11:08:17.009 [main] INFO  com.zaxxer.hikari.HikariDataSource - Method:  - HikariPool-1 - Start completed.
11:08:17.030 [main] INFO  org.hibernate.dialect.Dialect - Method:  - HHH000400: Using dialect: org.hibernate.dialect.MySQL5Dialect
11:08:17.797 [main] INFO  o.h.e.t.j.p.i.JtaPlatformInitiator - Method:  - HHH000490: Using JtaPlatform implementation: [org.hibernate.engine.transaction.jta.platform.internal.NoJtaPlatform]
11:08:17.807 [main] INFO  o.s.o.j.LocalContainerEntityManagerFactoryBean - Method:  - Initialized JPA EntityManagerFactory for persistence unit 'default'
11:08:17.822 [main] WARN  o.s.b.w.s.c.AnnotationConfigServletWebServerApplicationContext - Method:  - Exception encountered during context initialization - cancelling refresh attempt: org.springframework.beans.factory.UnsatisfiedDependencyException: Error creating bean with name 'studentController' defined in file [C:\Users\saiswetha.v\IdeaProjects\StudentApplication\build\classes\java\main\com\example\StudentApplication\controller\StudentController.class]: Unsatisfied dependency expressed through constructor parameter 0; nested exception is org.springframework.beans.factory.NoSuchBeanDefinitionException: No qualifying bean of type 'org.springframework.web.client.RestTemplate' available: expected at least 1 bean which qualifies as autowire candidate. Dependency annotations: {}
11:08:17.822 [main] INFO  o.s.o.j.LocalContainerEntityManagerFactoryBean - Method:  - Closing JPA EntityManagerFactory for persistence unit 'default'
11:08:17.823 [main] INFO  o.h.t.s.i.SchemaDropperImpl$DelayedDropActionImpl - Method:  - HHH000477: Starting delayed evictData of schema as part of SessionFactory shut-down'
11:08:17.844 [main] INFO  com.zaxxer.hikari.HikariDataSource - Method:  - HikariPool-1 - Shutdown initiated...
11:08:17.861 [main] INFO  com.zaxxer.hikari.HikariDataSource - Method:  - HikariPool-1 - Shutdown completed.
11:08:17.863 [main] INFO  o.a.catalina.core.StandardService - Method:  - Stopping service [Tomcat]
11:08:17.874 [main] INFO  o.s.b.a.l.ConditionEvaluationReportLoggingListener - Method:  - 

Error starting ApplicationContext. To display the conditions report re-run your application with 'debug' enabled.
11:08:17.895 [main] ERROR o.s.b.d.LoggingFailureAnalysisReporter - Method:  - 

***************************
APPLICATION FAILED TO START
***************************

Description:

Parameter 0 of constructor in com.example.StudentApplication.controller.StudentController required a bean of type 'org.springframework.web.client.RestTemplate' that could not be found.


Action:

Consider defining a bean of type 'org.springframework.web.client.RestTemplate' in your configuration.

11:12:31.927 [main] INFO  c.e.S.StudentApplication - Method:  - Starting StudentApplication using Java 17.0.1 on LP-5CD013FPX7 with PID 28076 (C:\Users\saiswetha.v\IdeaProjects\StudentApplication\build\classes\java\main started by saiswetha.v in C:\Users\saiswetha.v\IdeaProjects\StudentApplication)
11:12:31.930 [main] INFO  c.e.S.StudentApplication - Method:  - No active profile set, falling back to 1 default profile: "default"
11:12:32.924 [main] INFO  o.s.d.r.c.RepositoryConfigurationDelegate - Method:  - Bootstrapping Spring Data JPA repositories in DEFAULT mode.
11:12:32.995 [main] INFO  o.s.d.r.c.RepositoryConfigurationDelegate - Method:  - Finished Spring Data repository scanning in 59 ms. Found 1 JPA repository interfaces.
11:12:33.774 [main] INFO  o.s.b.w.e.tomcat.TomcatWebServer - Method:  - Tomcat initialized with port(s): 9092 (http)
11:12:33.781 [main] INFO  o.a.coyote.http11.Http11NioProtocol - Method:  - Initializing ProtocolHandler ["http-nio-9092"]
11:12:33.783 [main] INFO  o.a.catalina.core.StandardService - Method:  - Starting service [Tomcat]
11:12:33.784 [main] INFO  o.a.catalina.core.StandardEngine - Method:  - Starting Servlet engine: [Apache Tomcat/9.0.82]
11:12:34.030 [main] INFO  o.a.c.c.C.[Tomcat].[localhost].[/] - Method:  - Initializing Spring embedded WebApplicationContext
11:12:34.031 [main] INFO  o.s.b.w.s.c.ServletWebServerApplicationContext - Method:  - Root WebApplicationContext: initialization completed in 2046 ms
11:12:34.272 [main] INFO  o.h.jpa.internal.util.LogHelper - Method:  - HHH000204: Processing PersistenceUnitInfo [name: default]
11:12:34.339 [main] INFO  org.hibernate.Version - Method:  - HHH000412: Hibernate ORM core version 5.6.15.Final
11:12:34.532 [main] INFO  o.h.annotations.common.Version - Method:  - HCANN000001: Hibernate Commons Annotations {5.1.2.Final}
11:12:34.651 [main] INFO  com.zaxxer.hikari.HikariDataSource - Method:  - HikariPool-1 - Starting...
11:12:34.995 [main] INFO  com.zaxxer.hikari.HikariDataSource - Method:  - HikariPool-1 - Start completed.
11:12:35.008 [main] INFO  org.hibernate.dialect.Dialect - Method:  - HHH000400: Using dialect: org.hibernate.dialect.MySQL5Dialect
11:12:35.736 [main] INFO  o.h.e.t.j.p.i.JtaPlatformInitiator - Method:  - HHH000490: Using JtaPlatform implementation: [org.hibernate.engine.transaction.jta.platform.internal.NoJtaPlatform]
11:12:35.748 [main] INFO  o.s.o.j.LocalContainerEntityManagerFactoryBean - Method:  - Initialized JPA EntityManagerFactory for persistence unit 'default'
11:12:36.362 [main] WARN  o.s.b.a.o.j.JpaBaseConfiguration$JpaWebConfiguration - Method:  - spring.jpa.open-in-view is enabled by default. Therefore, database queries may be performed during view rendering. Explicitly configure spring.jpa.open-in-view to disable this warning
11:12:36.512 [main] INFO  s.d.s.w.PropertySourcedRequestMappingHandlerMapping - Method:  - Mapped URL path [/v2/api-docs] onto method [springfox.documentation.swagger2.web.Swagger2Controller#getDocumentation(String, HttpServletRequest)]
11:12:36.797 [main] INFO  o.a.coyote.http11.Http11NioProtocol - Method:  - Starting ProtocolHandler ["http-nio-9092"]
11:12:36.843 [main] INFO  o.s.b.w.e.tomcat.TomcatWebServer - Method:  - Tomcat started on port(s): 9092 (http) with context path ''
11:12:36.844 [main] INFO  s.d.s.w.p.DocumentationPluginsBootstrapper - Method:  - Context refreshed
11:12:36.870 [main] INFO  s.d.s.w.p.DocumentationPluginsBootstrapper - Method:  - Found 1 custom documentation plugin(s)
11:12:36.902 [main] INFO  s.d.s.w.s.ApiListingReferenceScanner - Method:  - Scanning for api listing references
11:12:37.069 [main] INFO  c.e.S.StudentApplication - Method:  - Started StudentApplication in 5.597 seconds (JVM running for 7.788)
11:12:51.085 [http-nio-9092-exec-1] INFO  o.a.c.c.C.[Tomcat].[localhost].[/] - Method:  - Initializing Spring DispatcherServlet 'dispatcherServlet'
11:12:51.085 [http-nio-9092-exec-1] INFO  o.s.web.servlet.DispatcherServlet - Method:  - Initializing Servlet 'dispatcherServlet'
11:12:51.086 [http-nio-9092-exec-1] INFO  o.s.web.servlet.DispatcherServlet - Method:  - Completed initialization in 1 ms
11:12:51.163 [http-nio-9092-exec-1] INFO  c.e.S.controller.StudentController - Method:  - Received POST request at / endpoint to add student: Student(id=0, name=sai, dept=it) at info level
11:12:51.166 [http-nio-9092-exec-1] INFO  c.e.S.service.StudentService - Method: addStudent - Adding student: Student(id=0, name=sai, dept=it)
11:12:51.166 [http-nio-9092-exec-1] INFO  c.e.S.service.StudentService - Method: addStudent - Fetching student details with name from the databasesai
11:12:51.304 [http-nio-9092-exec-1] INFO  c.e.S.service.StudentService - Method: addStudent - Adding student: Student(id=0, name=sai, dept=it)
11:12:51.363 [http-nio-9092-exec-1] INFO  c.e.S.service.StudentService - Method: addStudent - Student added successfully Student(id=1, name=sai, dept=it)
